21.07.2020 06:54:08 sql=[SELECT id ,HoTen,CMND,NgaySinh,QueQuan,NoiTamTru FROM form2c] 
21.07.2020 06:55:54 sql=[SELECT id ,HoTen,CMND,NgaySinh,QueQuan,NoiTamTru FROM form2c] 
21.07.2020 07:00:00 sql=[SELECT id ,HoTen,CMND,NgaySinh,QueQuan,NoiTamTru FROM form2c] 
21.07.2020 07:11:34 sql=[SELECT id ,HoTen,CMND,NgaySinh,QueQuan,NoiTamTru FROM form2c] 
21.07.2020 07:17:49 sql=[SELECT * FROM form2c WHERE id = 123] 
21.07.2020 07:24:16 sql=[SELECT * FROM form2c WHERE id = 123] 
21.07.2020 07:24:23 sql=[SELECT * FROM form2c WHERE id = 1231] 
21.07.2020 07:24:30 sql=[SELECT * FROM form2c WHERE id = 1] 
21.07.2020 07:27:48 sql=[SELECT * FROM form2c WHERE id = 1] 
21.07.2020 07:28:03 sql=[SELECT * FROM form2c WHERE id = 123] 
21.07.2020 07:28:12 sql=[SELECT * FROM form2c WHERE id = 123] 
21.07.2020 07:28:15 sql=[SELECT * FROM form2c WHERE id = 1] 
21.07.2020 07:29:45 sql=[SELECT * FROM form2c WHERE id = 123] 
21.07.2020 07:30:01 sql=[SELECT * FROM form2c WHERE id = 123] 
21.07.2020 07:30:09 sql=[SELECT * FROM form2c WHERE id = 123] 
21.07.2020 07:30:34 sql=[SELECT id ,HoTen,CMND,NgaySinh,QueQuan,NoiTamTru FROM form2c] 
21.07.2020 07:32:25 sql=[SELECT * FROM form2c WHERE id = 123] 
21.07.2020 07:32:29 sql=[SELECT * FROM form2c WHERE id = 123] 
21.07.2020 07:33:03 sql=[SELECT * FROM form2c WHERE id = 123] 
21.07.2020 07:33:34 sql=[SELECT * FROM form2c WHERE id = 123] 
21.07.2020 07:33:43 sql=[SELECT * FROM form2c WHERE id = 123] 
21.07.2020 07:33:54 sql=[SELECT * FROM form2c WHERE id = 123] 
21.07.2020 07:39:04 sql=[SELECT * FROM form2c WHERE id = 123] 
21.07.2020 07:44:01 sql=[SELECT * FROM form2c WHERE id = 123] 
21.07.2020 07:44:20 sql=[SELECT id ,HoTen,CMND,NgaySinh,QueQuan,NoiTamTru FROM form2c] 
22.07.2020 02:13:35 sql=[SELECT * FROM form2c WHERE id = 123] 
22.07.2020 02:35:17 sql=[SELECT * FROM form2c WHERE id = 123] 
22.07.2020 02:39:18 sql=[SELECT id ,HoTen,CMND,NgaySinh,QueQuan,NoiTamTru FROM form2c] 
22.07.2020 02:39:59 sql=[SELECT id ,HoTen,CMND,NgaySinh,QueQuan,NoiTamTru FROM form2c] 
22.07.2020 02:40:44 sql=[SELECT id ,HoTen,CMND,NgaySinh,QueQuan,NoiTamTru FROM form2c] 
22.07.2020 04:18:59 sql=[SELECT id ,HoTen,CMND,NgaySinh,QueQuan,NoiTamTru FROM form2c] 
22.07.2020 04:39:27 sql=[SELECT * from form2c where id = 1 ] 
22.07.2020 04:40:21 sql=[SELECT * from form2c where id = '1' ] 
22.07.2020 04:40:28 sql=[SELECT * from form2c where id = '' ] 
22.07.2020 04:41:12 sql=[SELECT * from form2c where id = ] 
22.07.2020 04:41:12 Khong the select duoc,ERROR=[You have an error in your SQL syntax; check the manual that corresponds to your MariaDB server version for the right syntax to use near '' at line 1] 
22.07.2020 04:41:12 COUNT=[0] 
22.07.2020 04:41:14 sql=[SELECT * from form2c where id = ] 
22.07.2020 04:41:14 Khong the select duoc,ERROR=[You have an error in your SQL syntax; check the manual that corresponds to your MariaDB server version for the right syntax to use near '' at line 1] 
22.07.2020 04:41:14 COUNT=[0] 
22.07.2020 04:41:21 sql=[SELECT * from form2c where id = 1] 
22.07.2020 04:41:29 sql=[SELECT * from form2c where id = 123] 
22.07.2020 04:41:47 sql=[SELECT * from form2c where id = 123] 
22.07.2020 04:43:07 sql=[SELECT * from form2c where id = 1] 
22.07.2020 04:47:24 sql=[SELECT * from form2c where id = 1] 
22.07.2020 04:47:56 sql=[SELECT id ,HoTen,CMND,NgaySinh,QueQuan,NoiTamTru FROM form2c] 
22.07.2020 04:53:35 sql=[SELECT * FROM form2c WHERE id = 2] 
22.07.2020 04:54:44 sql=[SELECT * FROM form2c WHERE id = ] 
22.07.2020 04:54:44 Khong the select duoc,ERROR=[You have an error in your SQL syntax; check the manual that corresponds to your MariaDB server version for the right syntax to use near '' at line 1] 
22.07.2020 04:54:44 COUNT=[0] 
22.07.2020 04:56:01 sql=[SELECT * FROM form2c WHERE id = ] 
22.07.2020 04:56:01 Khong the select duoc,ERROR=[You have an error in your SQL syntax; check the manual that corresponds to your MariaDB server version for the right syntax to use near '' at line 1] 
22.07.2020 04:56:01 COUNT=[0] 
22.07.2020 04:56:04 sql=[SELECT * FROM form2c WHERE id = ] 
22.07.2020 04:56:04 Khong the select duoc,ERROR=[You have an error in your SQL syntax; check the manual that corresponds to your MariaDB server version for the right syntax to use near '' at line 1] 
22.07.2020 04:56:04 COUNT=[0] 
22.07.2020 04:56:08 sql=[SELECT * FROM form2c WHERE id = 123] 
22.07.2020 04:56:11 sql=[SELECT * FROM form2c WHERE id = 1231] 
22.07.2020 04:56:56 sql=[SELECT * FROM form2c WHERE id = 1231] 
22.07.2020 04:56:59 sql=[SELECT * FROM form2c WHERE id = 123] 
22.07.2020 04:57:00 sql=[SELECT * FROM form2c WHERE id = ] 
22.07.2020 04:57:00 Khong the select duoc,ERROR=[You have an error in your SQL syntax; check the manual that corresponds to your MariaDB server version for the right syntax to use near '' at line 1] 
22.07.2020 04:57:00 COUNT=[0] 
22.07.2020 04:57:04 sql=[SELECT * FROM form2c WHERE id = ] 
22.07.2020 04:57:04 Khong the select duoc,ERROR=[You have an error in your SQL syntax; check the manual that corresponds to your MariaDB server version for the right syntax to use near '' at line 1] 
22.07.2020 04:57:04 COUNT=[0] 
22.07.2020 04:57:17 sql=[SELECT * FROM form2c WHERE id = 1] 
22.07.2020 05:02:13 sql=[SELECT * FROM form2c WHERE id = 1] 
22.07.2020 05:02:21 sql=[SELECT * FROM form2c WHERE id = 123] 
22.07.2020 05:04:03 sql=[SELECT * FROM form2c WHERE id = 123] 
22.07.2020 05:04:07 sql=[SELECT * FROM form2c WHERE id = 1] 
22.07.2020 05:04:21 sql=[SELECT * FROM form2c WHERE id = 1] 
22.07.2020 05:05:44 sql=[SELECT * FROM form2c WHERE id = 1] 
22.07.2020 05:06:17 sql=[SELECT * FROM form2c WHERE id = 1] 
22.07.2020 05:06:19 sql=[SELECT * FROM form2c WHERE id = 1] 
22.07.2020 05:06:26 sql=[SELECT * FROM form2c WHERE id = 1] 
22.07.2020 05:06:43 sql=[SELECT id ,HoTen,CMND,NgaySinh,QueQuan,NoiTamTru FROM form2c] 
22.07.2020 05:28:01 sql=[SELECT * from form2c where id = 0] 
22.07.2020 04:26:30 sql=[SELECT id ,HoTen,CMND,NgaySinh,QueQuan,NoiTamTru FROM form2c] 
22.07.2020 04:26:41 sql=[SELECT * FROM form2c WHERE id = 123] 
22.07.2020 04:30:39 sql=[SELECT * FROM form2c WHERE id = 1] 
22.07.2020 04:30:44 sql=[SELECT * FROM form2c WHERE id = 123] 
22.07.2020 04:30:47 sql=[SELECT id ,HoTen,CMND,NgaySinh,QueQuan,NoiTamTru FROM form2c] 
22.07.2020 04:51:08 sql=[SELECT * FROM form2c] 
22.07.2020 04:54:34 sql=[SELECT * FROM form2c where id = 123] 
22.07.2020 04:54:37 sql=[SELECT * FROM form2c where id = 1] 
22.07.2020 04:59:23 sql=[SELECT * FROM form2c where id = 1] 
22.07.2020 04:59:26 sql=[SELECT * FROM form2c where id = 123] 
22.07.2020 05:00:59 sql=[SELECT * FROM form2c where id = 123] 
22.07.2020 05:08:20 sql=[SELECT * FROM form2c where id = 1] 
22.07.2020 05:09:16 sql=[SELECT * FROM form2c where id = 1] 
22.07.2020 05:09:23 sql=[SELECT id ,HoTen,CMND,NgaySinh,QueQuan,NoiTamTru FROM form2c] 
22.07.2020 05:12:32 sql=[SELECT * FROM form2c WHERE id = 1] 
22.07.2020 05:12:39 sql=[SELECT * FROM form2c WHERE id = 1] 
22.07.2020 05:14:00 sql=[SELECT * FROM form2c WHERE id = 1] 
22.07.2020 05:14:08 sql=[SELECT * from form2c where id = 1] 
22.07.2020 05:14:30 sql=[SELECT * from form2c where id = 1] 
