21.07.2020 03:22:08 <!-- sql=[insert into form2c (id,HoTen,CacTenGoiKhac,CMND,GioiTinh,NgaySinh,QuocTich,NoiSinh,QueQuan,NoiTamTru,NoiThuongTru,DanToc,TonGiao,NgheNghiepKhiDuocTuyenDung,NgayTuyenDung,CoQuanTuyenDung,ChucVuHienTai,CongViecChinhDuocGiao,NgachCongChuc,MaNgach,DanhHieuDuocPhong,SoTruongCongTac,CongViecLamLauNhat,KhenThuong,KyLuat,TinhTrangSucKhoe,Cao,CanNang,NhomMau,ThuongBinh,GiaDinhLietSi,Ngayvaodang,Ngaynhapngu,Ngayxuatngu,Quanham) values (n'123',n'a',n'ac',n'1111',n'nam',n'12/12/1999',n'ca',n'casc',n'cac',n'cac',n'cac',n'awaf',n'awdwa',n'fawf',n'10/01/2020',n'fawfaw',n'adawdwa',n'awdw',n'awda',n'1111',n'awdw',n'awdwad',n'awdwdwa',n'xc',n'dawd',n'tot',n'18',n'12',n'dasda',n'a',n'v',n'10/01/2020',n'10/01/2020',n'10/01/2020',n'dwad')] --> 
21.07.2020 03:22:08 <!-- sql=[insert into quanhegiadinh (id,Bo,Me,Vo,Chong,ConCai) values (n'123',n'aca',n'a',n'az',n'xa',n'xax')] --> 
21.07.2020 03:22:08 <!-- sql=[insert into quanhebenvo (id,Bo,Me,Anh,Chi,Em) values (n'123',n'adaw',n'dwadaw',n'dwadaw',n'dawda',n'aa')] --> 
21.07.2020 03:22:08 <!-- sql=[insert into chuyenmonnghiepvu (id,TenTruong,NganhHoc,ThoiGianHoc,HinhThucHoc,TrinhDo) values (n'123',n'a',n'v',n'12/2/2020',n'a',n'a')] --> 
21.07.2020 03:22:08 <!-- sql=[insert into quatrinhcongtac (id,ThoiGian,ChucDanhChucVuDonViCongTac) values (n'123',n'20/2/2020',n'a')] --> 
21.07.2020 03:25:06 <!-- sql=[insert into form2c (id,HoTen,CacTenGoiKhac,CMND,GioiTinh,NgaySinh,QuocTich,NoiSinh,QueQuan,NoiTamTru,NoiThuongTru,DanToc,TonGiao,NgheNghiepKhiDuocTuyenDung,NgayTuyenDung,CoQuanTuyenDung,ChucVuHienTai,CongViecChinhDuocGiao,NgachCongChuc,MaNgach,DanhHieuDuocPhong,SoTruongCongTac,CongViecLamLauNhat,KhenThuong,KyLuat,TinhTrangSucKhoe,Cao,CanNang,NhomMau,ThuongBinh,GiaDinhLietSi,Ngayvaodang,Ngaynhapngu,Ngayxuatngu,Quanham) values (n'123',n'a',n'ac',n'1111',n'nam',n'12/12/1999',n'ca',n'casc',n'cac',n'cac',n'cac',n'awaf',n'awdwa',n'fawf',n'10/01/2020',n'fawfaw',n'adawdwa',n'awdw',n'awda',n'1111',n'awdw',n'awdwad',n'awdwdwa',n'xc',n'dawd',n'tot',n'18',n'12',n'dasda',n'a',n'v',n'10/01/2020',n'10/01/2020',n'10/01/2020',n'dwad')] --> 
21.07.2020 03:25:06 <!-- sql=[insert into quanhegiadinh (id,Bo,Me,Vo,Chong,ConCai) values (n'123',n'aca',n'a',n'az',n'xa',n'xax')] --> 
21.07.2020 03:25:06 <!-- sql=[insert into quanhebenvo (id,Bo,Me,Anh,Chi,Em) values (n'123',n'adaw',n'dwadaw',n'dwadaw',n'dawda',n'aa')] --> 
21.07.2020 03:25:06 <!-- sql=[insert into chuyenmonnghiepvu (id,TenTruong,NganhHoc,ThoiGianHoc,HinhThucHoc,TrinhDo) values (n'123',n'a',n'v',n'12/2/2020',n'a',n'a')] --> 
21.07.2020 03:25:06 <!-- sql=[insert into quatrinhcongtac (id,ThoiGian,ChucDanhChucVuDonViCongTac) values (n'123',n'20/2/2020',n'a')] --> 
21.07.2020 03:29:34 <!-- sql=[insert into form2c (id,HoTen,CacTenGoiKhac,CMND,GioiTinh,NgaySinh,QuocTich,NoiSinh,QueQuan,NoiTamTru,NoiThuongTru,DanToc,TonGiao,NgheNghiepKhiDuocTuyenDung,NgayTuyenDung,CoQuanTuyenDung,ChucVuHienTai,CongViecChinhDuocGiao,NgachCongChuc,MaNgach,DanhHieuDuocPhong,SoTruongCongTac,CongViecLamLauNhat,KhenThuong,KyLuat,TinhTrangSucKhoe,Cao,CanNang,NhomMau,ThuongBinh,GiaDinhLietSi,Ngayvaodang,Ngaynhapngu,Ngayxuatngu,Quanham) values (n'123',n'a',n'ac',n'1111',n'nam',n'12/12/1999',n'ca',n'casc',n'cac',n'cac',n'cac',n'awaf',n'awdwa',n'fawf',n'10/01/2020',n'fawfaw',n'adawdwa',n'awdw',n'awda',n'1111',n'awdw',n'awdwad',n'awdwdwa',n'xc',n'dawd',n'tot',n'18',n'12',n'dasda',n'a',n'v',n'10/01/2020',n'10/01/2020',n'10/01/2020',n'dwad')] --> 
21.07.2020 03:29:34 <!-- sql=[insert into quanhegiadinh (id,Bo,Me,Vo,Chong,ConCai) values (n'123',n'aca',n'a',n'az',n'xa',n'xax')] --> 
21.07.2020 03:29:34 <!-- sql=[insert into quanhebenvo (id,Bo,Me,Anh,Chi,Em) values (n'123',n'adaw',n'dwadaw',n'dwadaw',n'dawda',n'aa')] --> 
21.07.2020 03:29:34 <!-- sql=[insert into chuyenmonnghiepvu (id,TenTruong,NganhHoc,ThoiGianHoc,HinhThucHoc,TrinhDo) values (n'123',n'a',n'v',n'12/2/2020',n'a',n'a')] --> 
21.07.2020 03:29:34 <!-- sql=[insert into quatrinhcongtac (id,ThoiGian,ChucDanhChucVuDonViCongTac) values (n'123',n'20/2/2020',n'a')] --> 
21.07.2020 03:30:22 <!-- sql=[insert into form2c (id,HoTen,CacTenGoiKhac,CMND,GioiTinh,NgaySinh,QuocTich,NoiSinh,QueQuan,NoiTamTru,NoiThuongTru,DanToc,TonGiao,NgheNghiepKhiDuocTuyenDung,NgayTuyenDung,CoQuanTuyenDung,ChucVuHienTai,CongViecChinhDuocGiao,NgachCongChuc,MaNgach,DanhHieuDuocPhong,SoTruongCongTac,CongViecLamLauNhat,KhenThuong,KyLuat,TinhTrangSucKhoe,Cao,CanNang,NhomMau,ThuongBinh,GiaDinhLietSi,Ngayvaodang,Ngaynhapngu,Ngayxuatngu,Quanham) values (n'123',n'a',n'ac',n'1111',n'nam',n'12/12/1999',n'ca',n'casc',n'cac',n'cac',n'cac',n'awaf',n'awdwa',n'fawf',n'10/01/2020',n'fawfaw',n'adawdwa',n'awdw',n'awda',n'1111',n'awdw',n'awdwad',n'awdwdwa',n'xc',n'dawd',n'tot',n'18',n'12',n'dasda',n'a',n'v',n'10/01/2020',n'10/01/2020',n'10/01/2020',n'dwad')] --> 
21.07.2020 03:30:22 <!-- sql=[insert into quanhegiadinh (id,Bo,Me,Vo,Chong,ConCai) values (n'123',n'aca',n'a',n'az',n'xa',n'xax')] --> 
21.07.2020 03:30:22 <!-- sql=[insert into quanhebenvo (id,Bo,Me,Anh,Chi,Em) values (n'123',n'adaw',n'dwadaw',n'dwadaw',n'dawda',n'aa')] --> 
21.07.2020 03:30:22 <!-- sql=[insert into chuyenmonnghiepvu (id,TenTruong,NganhHoc,ThoiGianHoc,HinhThucHoc,TrinhDo) values (n'123',n'a',n'v',n'12/2/2020',n'a',n'a')] --> 
21.07.2020 03:30:22 <!-- sql=[insert into quatrinhcongtac (id,ThoiGian,ChucDanhChucVuDonViCongTac) values (n'123',n'20/2/2020',n'a')] --> 
21.07.2020 03:30:28 <!-- sql=[insert into form2c (id,HoTen,CacTenGoiKhac,CMND,GioiTinh,NgaySinh,QuocTich,NoiSinh,QueQuan,NoiTamTru,NoiThuongTru,DanToc,TonGiao,NgheNghiepKhiDuocTuyenDung,NgayTuyenDung,CoQuanTuyenDung,ChucVuHienTai,CongViecChinhDuocGiao,NgachCongChuc,MaNgach,DanhHieuDuocPhong,SoTruongCongTac,CongViecLamLauNhat,KhenThuong,KyLuat,TinhTrangSucKhoe,Cao,CanNang,NhomMau,ThuongBinh,GiaDinhLietSi,Ngayvaodang,Ngaynhapngu,Ngayxuatngu,Quanham) values (n'123',n'a',n'ac',n'1111',n'nam',n'12/12/1999',n'ca',n'casc',n'cac',n'cac',n'cac',n'awaf',n'awdwa',n'fawf',n'10/01/2020',n'fawfaw',n'adawdwa',n'awdw',n'awda',n'1111',n'awdw',n'awdwad',n'awdwdwa',n'xc',n'dawd',n'tot',n'18',n'12',n'dasda',n'a',n'v',n'10/01/2020',n'10/01/2020',n'10/01/2020',n'dwad')] --> 
21.07.2020 03:30:28 <!-- sql=[insert into quanhegiadinh (id,Bo,Me,Vo,Chong,ConCai) values (n'123',n'aca',n'a',n'az',n'xa',n'xax')] --> 
21.07.2020 03:30:28 <!-- sql=[insert into quanhebenvo (id,Bo,Me,Anh,Chi,Em) values (n'123',n'adaw',n'dwadaw',n'dwadaw',n'dawda',n'aa')] --> 
21.07.2020 03:30:28 <!-- sql=[insert into chuyenmonnghiepvu (id,TenTruong,NganhHoc,ThoiGianHoc,HinhThucHoc,TrinhDo) values (n'123',n'a',n'v',n'12/2/2020',n'a',n'a')] --> 
21.07.2020 03:30:28 <!-- sql=[insert into quatrinhcongtac (id,ThoiGian,ChucDanhChucVuDonViCongTac) values (n'123',n'20/2/2020',n'a')] --> 
21.07.2020 03:31:12 <!-- sql=[insert into form2c (id,HoTen,CacTenGoiKhac,CMND,GioiTinh,NgaySinh,QuocTich,NoiSinh,QueQuan,NoiTamTru,NoiThuongTru,DanToc,TonGiao,NgheNghiepKhiDuocTuyenDung,NgayTuyenDung,CoQuanTuyenDung,ChucVuHienTai,CongViecChinhDuocGiao,NgachCongChuc,MaNgach,DanhHieuDuocPhong,SoTruongCongTac,CongViecLamLauNhat,KhenThuong,KyLuat,TinhTrangSucKhoe,Cao,CanNang,NhomMau,ThuongBinh,GiaDinhLietSi,Ngayvaodang,Ngaynhapngu,Ngayxuatngu,Quanham) values (n'123',n'a',n'ac',n'1111',n'nam',n'12/12/1999',n'ca',n'casc',n'cac',n'cac',n'cac',n'awaf',n'awdwa',n'fawf',n'10/01/2020',n'fawfaw',n'adawdwa',n'awdw',n'awda',n'1111',n'awdw',n'awdwad',n'awdwdwa',n'xc',n'dawd',n'tot',n'18',n'12',n'dasda',n'a',n'v',n'10/01/2020',n'10/01/2020',n'10/01/2020',n'dwad')] --> 
21.07.2020 03:31:12 <!-- sql=[insert into quanhegiadinh (id,Bo,Me,Vo,Chong,ConCai) values (n'123',n'aca',n'a',n'az',n'xa',n'xax')] --> 
21.07.2020 03:31:12 <!-- sql=[insert into quanhebenvo (id,Bo,Me,Anh,Chi,Em) values (n'123',n'adaw',n'dwadaw',n'dwadaw',n'dawda',n'aa')] --> 
21.07.2020 03:31:12 <!-- sql=[insert into chuyenmonnghiepvu (id,TenTruong,NganhHoc,ThoiGianHoc,HinhThucHoc,TrinhDo) values (n'123',n'a',n'v',n'12/2/2020',n'a',n'a')] --> 
21.07.2020 03:31:12 <!-- sql=[insert into quatrinhcongtac (id,ThoiGian,ChucDanhChucVuDonViCongTac) values (n'123',n'20/2/2020',n'a')] --> 
21.07.2020 03:31:13 <!-- sql=[insert into form2c (id,HoTen,CacTenGoiKhac,CMND,GioiTinh,NgaySinh,QuocTich,NoiSinh,QueQuan,NoiTamTru,NoiThuongTru,DanToc,TonGiao,NgheNghiepKhiDuocTuyenDung,NgayTuyenDung,CoQuanTuyenDung,ChucVuHienTai,CongViecChinhDuocGiao,NgachCongChuc,MaNgach,DanhHieuDuocPhong,SoTruongCongTac,CongViecLamLauNhat,KhenThuong,KyLuat,TinhTrangSucKhoe,Cao,CanNang,NhomMau,ThuongBinh,GiaDinhLietSi,Ngayvaodang,Ngaynhapngu,Ngayxuatngu,Quanham) values (n'123',n'a',n'ac',n'1111',n'nam',n'12/12/1999',n'ca',n'casc',n'cac',n'cac',n'cac',n'awaf',n'awdwa',n'fawf',n'10/01/2020',n'fawfaw',n'adawdwa',n'awdw',n'awda',n'1111',n'awdw',n'awdwad',n'awdwdwa',n'xc',n'dawd',n'tot',n'18',n'12',n'dasda',n'a',n'v',n'10/01/2020',n'10/01/2020',n'10/01/2020',n'dwad')] --> 
21.07.2020 03:31:13 <!-- sql=[insert into quanhegiadinh (id,Bo,Me,Vo,Chong,ConCai) values (n'123',n'aca',n'a',n'az',n'xa',n'xax')] --> 
21.07.2020 03:31:13 <!-- sql=[insert into quanhebenvo (id,Bo,Me,Anh,Chi,Em) values (n'123',n'adaw',n'dwadaw',n'dwadaw',n'dawda',n'aa')] --> 
21.07.2020 03:31:13 <!-- sql=[insert into chuyenmonnghiepvu (id,TenTruong,NganhHoc,ThoiGianHoc,HinhThucHoc,TrinhDo) values (n'123',n'a',n'v',n'12/2/2020',n'a',n'a')] --> 
21.07.2020 03:31:13 <!-- sql=[insert into quatrinhcongtac (id,ThoiGian,ChucDanhChucVuDonViCongTac) values (n'123',n'20/2/2020',n'a')] --> 
21.07.2020 03:31:46 <!-- sql=[insert into form2c (id,HoTen,CacTenGoiKhac,CMND,GioiTinh,NgaySinh,QuocTich,NoiSinh,QueQuan,NoiTamTru,NoiThuongTru,DanToc,TonGiao,NgheNghiepKhiDuocTuyenDung,NgayTuyenDung,CoQuanTuyenDung,ChucVuHienTai,CongViecChinhDuocGiao,NgachCongChuc,MaNgach,DanhHieuDuocPhong,SoTruongCongTac,CongViecLamLauNhat,KhenThuong,KyLuat,TinhTrangSucKhoe,Cao,CanNang,NhomMau,ThuongBinh,GiaDinhLietSi,Ngayvaodang,Ngaynhapngu,Ngayxuatngu,Quanham) values (n'123',n'a',n'ac',n'1111',n'nam',n'12/12/1999',n'ca',n'casc',n'cac',n'cac',n'cac',n'awaf',n'awdwa',n'fawf',n'10/01/2020',n'fawfaw',n'adawdwa',n'awdw',n'awda',n'1111',n'awdw',n'awdwad',n'awdwdwa',n'xc',n'dawd',n'tot',n'18',n'12',n'dasda',n'a',n'v',n'10/01/2020',n'10/01/2020',n'10/01/2020',n'dwad')] --> 
21.07.2020 03:31:46 <!-- sql=[insert into quanhegiadinh (id,Bo,Me,Vo,Chong,ConCai) values (n'123',n'aca',n'a',n'az',n'xa',n'xax')] --> 
21.07.2020 03:31:46 <!-- sql=[insert into quanhebenvo (id,Bo,Me,Anh,Chi,Em) values (n'123',n'adaw',n'dwadaw',n'dwadaw',n'dawda',n'aa')] --> 
21.07.2020 03:31:46 <!-- sql=[insert into chuyenmonnghiepvu (id,TenTruong,NganhHoc,ThoiGianHoc,HinhThucHoc,TrinhDo) values (n'123',n'a',n'v',n'12/2/2020',n'a',n'a')] --> 
21.07.2020 03:31:46 <!-- sql=[insert into quatrinhcongtac (id,ThoiGian,ChucDanhChucVuDonViCongTac) values (n'123',n'20/2/2020',n'a')] --> 
21.07.2020 03:32:03 <!-- sql=[insert into form2c (id,HoTen,CacTenGoiKhac,CMND,GioiTinh,NgaySinh,QuocTich,NoiSinh,QueQuan,NoiTamTru,NoiThuongTru,DanToc,TonGiao,NgheNghiepKhiDuocTuyenDung,NgayTuyenDung,CoQuanTuyenDung,ChucVuHienTai,CongViecChinhDuocGiao,NgachCongChuc,MaNgach,DanhHieuDuocPhong,SoTruongCongTac,CongViecLamLauNhat,KhenThuong,KyLuat,TinhTrangSucKhoe,Cao,CanNang,NhomMau,ThuongBinh,GiaDinhLietSi,Ngayvaodang,Ngaynhapngu,Ngayxuatngu,Quanham) values (n'123',n'a',n'ac',n'1111',n'nam',n'12/12/1999',n'ca',n'casc',n'cac',n'cac',n'cac',n'awaf',n'awdwa',n'fawf',n'10/01/2020',n'fawfaw',n'adawdwa',n'awdw',n'awda',n'1111',n'awdw',n'awdwad',n'awdwdwa',n'xc',n'dawd',n'tot',n'18',n'12',n'dasda',n'a',n'v',n'10/01/2020',n'10/01/2020',n'10/01/2020',n'dwad')] --> 
21.07.2020 03:32:03 <!-- sql=[insert into quanhegiadinh (id,Bo,Me,Vo,Chong,ConCai) values (n'123',n'aca',n'a',n'az',n'xa',n'xax')] --> 
21.07.2020 03:32:03 <!-- sql=[insert into quanhebenvo (id,Bo,Me,Anh,Chi,Em) values (n'123',n'adaw',n'dwadaw',n'dwadaw',n'dawda',n'aa')] --> 
21.07.2020 03:32:03 <!-- sql=[insert into chuyenmonnghiepvu (id,TenTruong,NganhHoc,ThoiGianHoc,HinhThucHoc,TrinhDo) values (n'123',n'a',n'v',n'12/2/2020',n'a',n'a')] --> 
21.07.2020 03:32:03 <!-- sql=[insert into quatrinhcongtac (id,ThoiGian,ChucDanhChucVuDonViCongTac) values (n'123',n'20/2/2020',n'a')] --> 
21.07.2020 03:32:22 <!-- sql=[insert into form2c (id,HoTen,CacTenGoiKhac,CMND,GioiTinh,NgaySinh,QuocTich,NoiSinh,QueQuan,NoiTamTru,NoiThuongTru,DanToc,TonGiao,NgheNghiepKhiDuocTuyenDung,NgayTuyenDung,CoQuanTuyenDung,ChucVuHienTai,CongViecChinhDuocGiao,NgachCongChuc,MaNgach,DanhHieuDuocPhong,SoTruongCongTac,CongViecLamLauNhat,KhenThuong,KyLuat,TinhTrangSucKhoe,Cao,CanNang,NhomMau,ThuongBinh,GiaDinhLietSi,Ngayvaodang,Ngaynhapngu,Ngayxuatngu,Quanham) values (n'123',n'a',n'ac',n'1111',n'nam',n'12/12/1999',n'ca',n'casc',n'cac',n'cac',n'cac',n'awaf',n'awdwa',n'fawf',n'10/01/2020',n'fawfaw',n'adawdwa',n'awdw',n'awda',n'1111',n'awdw',n'awdwad',n'awdwdwa',n'xc',n'dawd',n'tot',n'18',n'12',n'dasda',n'a',n'v',n'10/01/2020',n'10/01/2020',n'10/01/2020',n'dwad')] --> 
21.07.2020 03:32:22 <!-- sql=[insert into quanhegiadinh (id,Bo,Me,Vo,Chong,ConCai) values (n'123',n'aca',n'a',n'az',n'xa',n'xax')] --> 
21.07.2020 03:32:22 <!-- sql=[insert into quanhebenvo (id,Bo,Me,Anh,Chi,Em) values (n'123',n'adaw',n'dwadaw',n'dwadaw',n'dawda',n'aa')] --> 
21.07.2020 03:32:22 <!-- sql=[insert into chuyenmonnghiepvu (id,TenTruong,NganhHoc,ThoiGianHoc,HinhThucHoc,TrinhDo) values (n'123',n'a',n'v',n'12/2/2020',n'a',n'a')] --> 
21.07.2020 03:32:22 <!-- sql=[insert into quatrinhcongtac (id,ThoiGian,ChucDanhChucVuDonViCongTac) values (n'123',n'20/2/2020',n'a')] --> 
21.07.2020 03:32:32 <!-- sql=[insert into form2c (id,HoTen,CacTenGoiKhac,CMND,GioiTinh,NgaySinh,QuocTich,NoiSinh,QueQuan,NoiTamTru,NoiThuongTru,DanToc,TonGiao,NgheNghiepKhiDuocTuyenDung,NgayTuyenDung,CoQuanTuyenDung,ChucVuHienTai,CongViecChinhDuocGiao,NgachCongChuc,MaNgach,DanhHieuDuocPhong,SoTruongCongTac,CongViecLamLauNhat,KhenThuong,KyLuat,TinhTrangSucKhoe,Cao,CanNang,NhomMau,ThuongBinh,GiaDinhLietSi,Ngayvaodang,Ngaynhapngu,Ngayxuatngu,Quanham) values (n'123',n'a',n'ac',n'1111',n'nam',n'12/12/1999',n'ca',n'casc',n'cac',n'cac',n'cac',n'awaf',n'awdwa',n'fawf',n'10/01/2020',n'fawfaw',n'adawdwa',n'awdw',n'awda',n'1111',n'awdw',n'awdwad',n'awdwdwa',n'xc',n'dawd',n'tot',n'18',n'12',n'dasda',n'a',n'v',n'10/01/2020',n'10/01/2020',n'10/01/2020',n'dwad')] --> 
21.07.2020 03:32:32 <!-- sql=[insert into quanhegiadinh (id,Bo,Me,Vo,Chong,ConCai) values (n'123',n'aca',n'a',n'az',n'xa',n'xax')] --> 
21.07.2020 03:32:32 <!-- sql=[insert into quanhebenvo (id,Bo,Me,Anh,Chi,Em) values (n'123',n'adaw',n'dwadaw',n'dwadaw',n'dawda',n'aa')] --> 
21.07.2020 03:32:32 <!-- sql=[insert into chuyenmonnghiepvu (id,TenTruong,NganhHoc,ThoiGianHoc,HinhThucHoc,TrinhDo) values (n'123',n'a',n'v',n'12/2/2020',n'a',n'a')] --> 
21.07.2020 03:32:32 <!-- sql=[insert into quatrinhcongtac (id,ThoiGian,ChucDanhChucVuDonViCongTac) values (n'123',n'20/2/2020',n'a')] --> 
21.07.2020 03:32:54 <!-- sql=[insert into form2c (id,HoTen,CacTenGoiKhac,CMND,GioiTinh,NgaySinh,QuocTich,NoiSinh,QueQuan,NoiTamTru,NoiThuongTru,DanToc,TonGiao,NgheNghiepKhiDuocTuyenDung,NgayTuyenDung,CoQuanTuyenDung,ChucVuHienTai,CongViecChinhDuocGiao,NgachCongChuc,MaNgach,DanhHieuDuocPhong,SoTruongCongTac,CongViecLamLauNhat,KhenThuong,KyLuat,TinhTrangSucKhoe,Cao,CanNang,NhomMau,ThuongBinh,GiaDinhLietSi,Ngayvaodang,Ngaynhapngu,Ngayxuatngu,Quanham) values (n'123',n'a',n'ac',n'1111',n'nam',n'12/12/1999',n'ca',n'casc',n'cac',n'cac',n'cac',n'awaf',n'awdwa',n'fawf',n'10/01/2020',n'fawfaw',n'adawdwa',n'awdw',n'awda',n'1111',n'awdw',n'awdwad',n'awdwdwa',n'xc',n'dawd',n'tot',n'18',n'12',n'dasda',n'a',n'v',n'10/01/2020',n'10/01/2020',n'10/01/2020',n'dwad')] --> 
21.07.2020 03:32:54 <!-- sql=[insert into quanhegiadinh (id,Bo,Me,Vo,Chong,ConCai) values (n'123',n'aca',n'a',n'az',n'xa',n'xax')] --> 
21.07.2020 03:32:54 <!-- sql=[insert into quanhebenvo (id,Bo,Me,Anh,Chi,Em) values (n'123',n'adaw',n'dwadaw',n'dwadaw',n'dawda',n'aa')] --> 
21.07.2020 03:32:54 <!-- sql=[insert into chuyenmonnghiepvu (id,TenTruong,NganhHoc,ThoiGianHoc,HinhThucHoc,TrinhDo) values (n'123',n'a',n'v',n'12/2/2020',n'a',n'a')] --> 
21.07.2020 03:32:54 <!-- sql=[insert into quatrinhcongtac (id,ThoiGian,ChucDanhChucVuDonViCongTac) values (n'123',n'20/2/2020',n'a')] --> 
21.07.2020 03:33:18 <!-- sql=[insert into form2c (id,HoTen,CacTenGoiKhac,CMND,GioiTinh,NgaySinh,QuocTich,NoiSinh,QueQuan,NoiTamTru,NoiThuongTru,DanToc,TonGiao,NgheNghiepKhiDuocTuyenDung,NgayTuyenDung,CoQuanTuyenDung,ChucVuHienTai,CongViecChinhDuocGiao,NgachCongChuc,MaNgach,DanhHieuDuocPhong,SoTruongCongTac,CongViecLamLauNhat,KhenThuong,KyLuat,TinhTrangSucKhoe,Cao,CanNang,NhomMau,ThuongBinh,GiaDinhLietSi,Ngayvaodang,Ngaynhapngu,Ngayxuatngu,Quanham) values (n'123',n'a',n'ac',n'1111',n'nam',n'12/12/1999',n'ca',n'casc',n'cac',n'cac',n'cac',n'awaf',n'awdwa',n'fawf',n'10/01/2020',n'fawfaw',n'adawdwa',n'awdw',n'awda',n'1111',n'awdw',n'awdwad',n'awdwdwa',n'xc',n'dawd',n'tot',n'18',n'12',n'dasda',n'a',n'v',n'10/01/2020',n'10/01/2020',n'10/01/2020',n'dwad')] --> 
21.07.2020 03:33:18 <!-- sql=[insert into quanhegiadinh (id,Bo,Me,Vo,Chong,ConCai) values (n'123',n'aca',n'a',n'az',n'xa',n'xax')] --> 
21.07.2020 03:33:19 <!-- sql=[insert into quanhebenvo (id,Bo,Me,Anh,Chi,Em) values (n'123',n'adaw',n'dwadaw',n'dwadaw',n'dawda',n'aa')] --> 
21.07.2020 03:33:19 <!-- sql=[insert into chuyenmonnghiepvu (id,TenTruong,NganhHoc,ThoiGianHoc,HinhThucHoc,TrinhDo) values (n'123',n'a',n'v',n'12/2/2020',n'a',n'a')] --> 
21.07.2020 03:33:19 <!-- sql=[insert into quatrinhcongtac (id,ThoiGian,ChucDanhChucVuDonViCongTac) values (n'123',n'20/2/2020',n'a')] --> 
21.07.2020 03:33:35 <!-- sql=[insert into form2c (id,HoTen,CacTenGoiKhac,CMND,GioiTinh,NgaySinh,QuocTich,NoiSinh,QueQuan,NoiTamTru,NoiThuongTru,DanToc,TonGiao,NgheNghiepKhiDuocTuyenDung,NgayTuyenDung,CoQuanTuyenDung,ChucVuHienTai,CongViecChinhDuocGiao,NgachCongChuc,MaNgach,DanhHieuDuocPhong,SoTruongCongTac,CongViecLamLauNhat,KhenThuong,KyLuat,TinhTrangSucKhoe,Cao,CanNang,NhomMau,ThuongBinh,GiaDinhLietSi,Ngayvaodang,Ngaynhapngu,Ngayxuatngu,Quanham) values (n'123',n'a',n'ac',n'1111',n'nam',n'12/12/1999',n'ca',n'casc',n'cac',n'cac',n'cac',n'awaf',n'awdwa',n'fawf',n'10/01/2020',n'fawfaw',n'adawdwa',n'awdw',n'awda',n'1111',n'awdw',n'awdwad',n'awdwdwa',n'xc',n'dawd',n'tot',n'18',n'12',n'dasda',n'a',n'v',n'10/01/2020',n'10/01/2020',n'10/01/2020',n'dwad')] --> 
21.07.2020 03:33:35 <!-- sql=[insert into quanhegiadinh (id,Bo,Me,Vo,Chong,ConCai) values (n'123',n'aca',n'a',n'az',n'xa',n'xax')] --> 
21.07.2020 03:33:36 <!-- sql=[insert into quanhebenvo (id,Bo,Me,Anh,Chi,Em) values (n'123',n'adaw',n'dwadaw',n'dwadaw',n'dawda',n'aa')] --> 
21.07.2020 03:33:36 <!-- sql=[insert into chuyenmonnghiepvu (id,TenTruong,NganhHoc,ThoiGianHoc,HinhThucHoc,TrinhDo) values (n'123',n'a',n'v',n'12/2/2020',n'a',n'a')] --> 
21.07.2020 03:33:36 <!-- sql=[insert into quatrinhcongtac (id,ThoiGian,ChucDanhChucVuDonViCongTac) values (n'123',n'20/2/2020',n'a')] --> 
21.07.2020 03:34:30 <!-- sql=[insert into form2c (id,HoTen,CacTenGoiKhac,CMND,GioiTinh,NgaySinh,QuocTich,NoiSinh,QueQuan,NoiTamTru,NoiThuongTru,DanToc,TonGiao,NgheNghiepKhiDuocTuyenDung,NgayTuyenDung,CoQuanTuyenDung,ChucVuHienTai,CongViecChinhDuocGiao,NgachCongChuc,MaNgach,DanhHieuDuocPhong,SoTruongCongTac,CongViecLamLauNhat,KhenThuong,KyLuat,TinhTrangSucKhoe,Cao,CanNang,NhomMau,ThuongBinh,GiaDinhLietSi,Ngayvaodang,Ngaynhapngu,Ngayxuatngu,Quanham) values (n'123',n'a',n'ac',n'1111',n'nam',n'12/12/1999',n'ca',n'casc',n'cac',n'cac',n'cac',n'awaf',n'awdwa',n'fawf',n'10/01/2020',n'fawfaw',n'adawdwa',n'awdw',n'awda',n'1111',n'awdw',n'awdwad',n'awdwdwa',n'xc',n'dawd',n'tot',n'18',n'12',n'dasda',n'a',n'v',n'10/01/2020',n'10/01/2020',n'10/01/2020',n'dwad')] --> 
21.07.2020 03:34:30 <!-- sql=[insert into quanhegiadinh (id,Bo,Me,Vo,Chong,ConCai) values (n'123',n'aca',n'a',n'az',n'xa',n'xax')] --> 
21.07.2020 03:34:30 <!-- sql=[insert into quanhebenvo (id,Bo,Me,Anh,Chi,Em) values (n'123',n'adaw',n'dwadaw',n'dwadaw',n'dawda',n'aa')] --> 
21.07.2020 03:34:30 <!-- sql=[insert into chuyenmonnghiepvu (id,TenTruong,NganhHoc,ThoiGianHoc,HinhThucHoc,TrinhDo) values (n'123',n'a',n'v',n'12/2/2020',n'a',n'a')] --> 
21.07.2020 03:34:30 <!-- sql=[insert into quatrinhcongtac (id,ThoiGian,ChucDanhChucVuDonViCongTac) values (n'123',n'20/2/2020',n'a')] --> 
21.07.2020 03:37:34 <!-- sql=[insert into form2c (id,HoTen,CacTenGoiKhac,CMND,GioiTinh,NgaySinh,QuocTich,NoiSinh,QueQuan,NoiTamTru,NoiThuongTru,DanToc,TonGiao,NgheNghiepKhiDuocTuyenDung,NgayTuyenDung,CoQuanTuyenDung,ChucVuHienTai,CongViecChinhDuocGiao,NgachCongChuc,MaNgach,DanhHieuDuocPhong,SoTruongCongTac,CongViecLamLauNhat,KhenThuong,KyLuat,TinhTrangSucKhoe,Cao,CanNang,NhomMau,ThuongBinh,GiaDinhLietSi,Ngayvaodang,Ngaynhapngu,Ngayxuatngu,Quanham) values (n'123',n'a',n'ac',n'1111',n'nam',n'12/12/1999',n'ca',n'casc',n'cac',n'cac',n'cac',n'awaf',n'awdwa',n'fawf',n'10/01/2020',n'fawfaw',n'adawdwa',n'awdw',n'awda',n'1111',n'awdw',n'awdwad',n'awdwdwa',n'xc',n'dawd',n'tot',n'18',n'12',n'dasda',n'a',n'v',n'10/01/2020',n'10/01/2020',n'10/01/2020',n'dwad')] --> 
21.07.2020 03:37:34 <!-- sql=[insert into quanhegiadinh (id,Bo,Me,Vo,Chong,ConCai) values (n'123',n'aca',n'a',n'az',n'xa',n'xax')] --> 
21.07.2020 03:37:34 <!-- sql=[insert into quanhebenvo (id,Bo,Me,Anh,Chi,Em) values (n'123',n'adaw',n'dwadaw',n'dwadaw',n'dawda',n'aa')] --> 
21.07.2020 03:37:34 <!-- sql=[insert into chuyenmonnghiepvu (id,TenTruong,NganhHoc,ThoiGianHoc,HinhThucHoc,TrinhDo) values (n'123',n'a',n'v',n'12/2/2020',n'a',n'a')] --> 
21.07.2020 03:37:34 <!-- sql=[insert into quatrinhcongtac (id,ThoiGian,ChucDanhChucVuDonViCongTac) values (n'123',n'20/2/2020',n'a')] --> 
21.07.2020 03:38:19 <!-- sql=[insert into form2c (id,HoTen,CacTenGoiKhac,CMND,GioiTinh,NgaySinh,QuocTich,NoiSinh,QueQuan,NoiTamTru,NoiThuongTru,DanToc,TonGiao,NgheNghiepKhiDuocTuyenDung,NgayTuyenDung,CoQuanTuyenDung,ChucVuHienTai,CongViecChinhDuocGiao,NgachCongChuc,MaNgach,DanhHieuDuocPhong,SoTruongCongTac,CongViecLamLauNhat,KhenThuong,KyLuat,TinhTrangSucKhoe,Cao,CanNang,NhomMau,ThuongBinh,GiaDinhLietSi,Ngayvaodang,Ngaynhapngu,Ngayxuatngu,Quanham) values (n'123',n'a',n'ac',n'1111',n'nam',n'12/12/1999',n'ca',n'casc',n'cac',n'cac',n'cac',n'awaf',n'awdwa',n'fawf',n'10/01/2020',n'fawfaw',n'adawdwa',n'awdw',n'awda',n'1111',n'awdw',n'awdwad',n'awdwdwa',n'xc',n'dawd',n'tot',n'18',n'12',n'dasda',n'a',n'v',n'10/01/2020',n'10/01/2020',n'10/01/2020',n'dwad')] --> 
21.07.2020 03:38:19 <!-- sql=[insert into quanhegiadinh (id,Bo,Me,Vo,Chong,ConCai) values (n'123',n'aca',n'a',n'az',n'xa',n'xax')] --> 
21.07.2020 03:38:19 <!-- sql=[insert into quanhebenvo (id,Bo,Me,Anh,Chi,Em) values (n'123',n'adaw',n'dwadaw',n'dwadaw',n'dawda',n'aa')] --> 
21.07.2020 03:38:19 <!-- sql=[insert into chuyenmonnghiepvu (id,TenTruong,NganhHoc,ThoiGianHoc,HinhThucHoc,TrinhDo) values (n'123',n'a',n'v',n'12/2/2020',n'a',n'a')] --> 
21.07.2020 03:38:19 <!-- sql=[insert into quatrinhcongtac (id,ThoiGian,ChucDanhChucVuDonViCongTac) values (n'123',n'20/2/2020',n'a')] --> 
21.07.2020 03:38:27 <!-- sql=[insert into form2c (id,HoTen,CacTenGoiKhac,CMND,GioiTinh,NgaySinh,QuocTich,NoiSinh,QueQuan,NoiTamTru,NoiThuongTru,DanToc,TonGiao,NgheNghiepKhiDuocTuyenDung,NgayTuyenDung,CoQuanTuyenDung,ChucVuHienTai,CongViecChinhDuocGiao,NgachCongChuc,MaNgach,DanhHieuDuocPhong,SoTruongCongTac,CongViecLamLauNhat,KhenThuong,KyLuat,TinhTrangSucKhoe,Cao,CanNang,NhomMau,ThuongBinh,GiaDinhLietSi,Ngayvaodang,Ngaynhapngu,Ngayxuatngu,Quanham) values (n'123',n'a',n'ac',n'1111',n'nam',n'12/12/1999',n'ca',n'casc',n'cac',n'cac',n'cac',n'awaf',n'awdwa',n'fawf',n'10/01/2020',n'fawfaw',n'adawdwa',n'awdw',n'awda',n'1111',n'awdw',n'awdwad',n'awdwdwa',n'xc',n'dawd',n'tot',n'18',n'12',n'dasda',n'a',n'v',n'10/01/2020',n'10/01/2020',n'10/01/2020',n'dwad')] --> 
21.07.2020 03:38:27 <!-- sql=[insert into quanhegiadinh (id,Bo,Me,Vo,Chong,ConCai) values (n'123',n'aca',n'a',n'az',n'xa',n'xax')] --> 
21.07.2020 03:38:27 <!-- sql=[insert into quanhebenvo (id,Bo,Me,Anh,Chi,Em) values (n'123',n'adaw',n'dwadaw',n'dwadaw',n'dawda',n'aa')] --> 
21.07.2020 03:38:27 <!-- sql=[insert into chuyenmonnghiepvu (id,TenTruong,NganhHoc,ThoiGianHoc,HinhThucHoc,TrinhDo) values (n'123',n'a',n'v',n'12/2/2020',n'a',n'a')] --> 
21.07.2020 03:38:27 <!-- sql=[insert into quatrinhcongtac (id,ThoiGian,ChucDanhChucVuDonViCongTac) values (n'123',n'20/2/2020',n'a')] --> 
21.07.2020 03:38:42 <!-- sql=[insert into form2c (id,HoTen,CacTenGoiKhac,CMND,GioiTinh,NgaySinh,QuocTich,NoiSinh,QueQuan,NoiTamTru,NoiThuongTru,DanToc,TonGiao,NgheNghiepKhiDuocTuyenDung,NgayTuyenDung,CoQuanTuyenDung,ChucVuHienTai,CongViecChinhDuocGiao,NgachCongChuc,MaNgach,DanhHieuDuocPhong,SoTruongCongTac,CongViecLamLauNhat,KhenThuong,KyLuat,TinhTrangSucKhoe,Cao,CanNang,NhomMau,ThuongBinh,GiaDinhLietSi,Ngayvaodang,Ngaynhapngu,Ngayxuatngu,Quanham) values (n'123',n'a',n'ac',n'1111',n'nam',n'12/12/1999',n'ca',n'casc',n'cac',n'cac',n'cac',n'awaf',n'awdwa',n'fawf',n'10/01/2020',n'fawfaw',n'adawdwa',n'awdw',n'awda',n'1111',n'awdw',n'awdwad',n'awdwdwa',n'xc',n'dawd',n'tot',n'18',n'12',n'dasda',n'a',n'v',n'10/01/2020',n'10/01/2020',n'10/01/2020',n'dwad')] --> 
21.07.2020 03:38:42 <!-- sql=[insert into quanhegiadinh (id,Bo,Me,Vo,Chong,ConCai) values (n'123',n'aca',n'a',n'az',n'xa',n'xax')] --> 
21.07.2020 03:38:42 <!-- sql=[insert into quanhebenvo (id,Bo,Me,Anh,Chi,Em) values (n'123',n'adaw',n'dwadaw',n'dwadaw',n'dawda',n'aa')] --> 
21.07.2020 03:38:42 <!-- sql=[insert into chuyenmonnghiepvu (id,TenTruong,NganhHoc,ThoiGianHoc,HinhThucHoc,TrinhDo) values (n'123',n'a',n'v',n'12/2/2020',n'a',n'a')] --> 
21.07.2020 03:38:42 <!-- sql=[insert into quatrinhcongtac (id,ThoiGian,ChucDanhChucVuDonViCongTac) values (n'123',n'20/2/2020',n'a')] --> 
21.07.2020 03:39:42 <!-- sql=[insert into form2c (id,HoTen,CacTenGoiKhac,CMND,GioiTinh,NgaySinh,QuocTich,NoiSinh,QueQuan,NoiTamTru,NoiThuongTru,DanToc,TonGiao,NgheNghiepKhiDuocTuyenDung,NgayTuyenDung,CoQuanTuyenDung,ChucVuHienTai,CongViecChinhDuocGiao,NgachCongChuc,MaNgach,DanhHieuDuocPhong,SoTruongCongTac,CongViecLamLauNhat,KhenThuong,KyLuat,TinhTrangSucKhoe,Cao,CanNang,NhomMau,ThuongBinh,GiaDinhLietSi,Ngayvaodang,Ngaynhapngu,Ngayxuatngu,Quanham) values (n'123',n'a',n'ac',n'1111',n'nam',n'12/12/1999',n'ca',n'casc',n'cac',n'cac',n'cac',n'awaf',n'awdwa',n'fawf',n'10/01/2020',n'fawfaw',n'adawdwa',n'awdw',n'awda',n'1111',n'awdw',n'awdwad',n'awdwdwa',n'xc',n'dawd',n'tot',n'18',n'12',n'dasda',n'a',n'v',n'10/01/2020',n'10/01/2020',n'10/01/2020',n'dwad')] --> 
21.07.2020 03:39:42 <!-- sql=[insert into quanhegiadinh (id,Bo,Me,Vo,Chong,ConCai) values (n'123',n'aca',n'a',n'az',n'xa',n'xax')] --> 
21.07.2020 03:39:42 <!-- sql=[insert into quanhebenvo (id,Bo,Me,Anh,Chi,Em) values (n'123',n'adaw',n'dwadaw',n'dwadaw',n'dawda',n'aa')] --> 
21.07.2020 03:39:42 <!-- sql=[insert into chuyenmonnghiepvu (id,TenTruong,NganhHoc,ThoiGianHoc,HinhThucHoc,TrinhDo) values (n'123',n'a',n'v',n'12/2/2020',n'a',n'a')] --> 
21.07.2020 03:39:42 <!-- sql=[insert into quatrinhcongtac (id,ThoiGian,ChucDanhChucVuDonViCongTac) values (n'123',n'20/2/2020',n'a')] --> 
21.07.2020 03:40:09 <!-- sql=[insert into form2c (id,HoTen,CacTenGoiKhac,CMND,GioiTinh,NgaySinh,QuocTich,NoiSinh,QueQuan,NoiTamTru,NoiThuongTru,DanToc,TonGiao,NgheNghiepKhiDuocTuyenDung,NgayTuyenDung,CoQuanTuyenDung,ChucVuHienTai,CongViecChinhDuocGiao,NgachCongChuc,MaNgach,DanhHieuDuocPhong,SoTruongCongTac,CongViecLamLauNhat,KhenThuong,KyLuat,TinhTrangSucKhoe,Cao,CanNang,NhomMau,ThuongBinh,GiaDinhLietSi,Ngayvaodang,Ngaynhapngu,Ngayxuatngu,Quanham) values (n'123',n'a',n'ac',n'1111',n'nam',n'12/12/1999',n'ca',n'casc',n'cac',n'cac',n'cac',n'awaf',n'awdwa',n'fawf',n'10/01/2020',n'fawfaw',n'adawdwa',n'awdw',n'awda',n'1111',n'awdw',n'awdwad',n'awdwdwa',n'xc',n'dawd',n'tot',n'18',n'12',n'dasda',n'a',n'v',n'10/01/2020',n'10/01/2020',n'10/01/2020',n'dwad')] --> 
21.07.2020 03:40:09 <!-- sql=[insert into quanhegiadinh (id,Bo,Me,Vo,Chong,ConCai) values (n'123',n'aca',n'a',n'az',n'xa',n'xax')] --> 
21.07.2020 03:40:09 <!-- sql=[insert into quanhebenvo (id,Bo,Me,Anh,Chi,Em) values (n'123',n'adaw',n'dwadaw',n'dwadaw',n'dawda',n'aa')] --> 
21.07.2020 03:40:09 <!-- sql=[insert into chuyenmonnghiepvu (id,TenTruong,NganhHoc,ThoiGianHoc,HinhThucHoc,TrinhDo) values (n'123',n'a',n'v',n'12/2/2020',n'a',n'a')] --> 
21.07.2020 03:40:09 <!-- sql=[insert into quatrinhcongtac (id,ThoiGian,ChucDanhChucVuDonViCongTac) values (n'123',n'20/2/2020',n'a')] --> 
21.07.2020 03:40:22 <!-- sql=[insert into form2c (id,HoTen,CacTenGoiKhac,CMND,GioiTinh,NgaySinh,QuocTich,NoiSinh,QueQuan,NoiTamTru,NoiThuongTru,DanToc,TonGiao,NgheNghiepKhiDuocTuyenDung,NgayTuyenDung,CoQuanTuyenDung,ChucVuHienTai,CongViecChinhDuocGiao,NgachCongChuc,MaNgach,DanhHieuDuocPhong,SoTruongCongTac,CongViecLamLauNhat,KhenThuong,KyLuat,TinhTrangSucKhoe,Cao,CanNang,NhomMau,ThuongBinh,GiaDinhLietSi,Ngayvaodang,Ngaynhapngu,Ngayxuatngu,Quanham) values (n'123',n'a',n'ac',n'1111',n'nam',n'12/12/1999',n'ca',n'casc',n'cac',n'cac',n'cac',n'awaf',n'awdwa',n'fawf',n'10/01/2020',n'fawfaw',n'adawdwa',n'awdw',n'awda',n'1111',n'awdw',n'awdwad',n'awdwdwa',n'xc',n'dawd',n'tot',n'18',n'12',n'dasda',n'a',n'v',n'10/01/2020',n'10/01/2020',n'10/01/2020',n'dwad')] --> 
21.07.2020 03:40:22 <!-- sql=[insert into quanhegiadinh (id,Bo,Me,Vo,Chong,ConCai) values (n'123',n'aca',n'a',n'az',n'xa',n'xax')] --> 
21.07.2020 03:40:23 <!-- sql=[insert into quanhebenvo (id,Bo,Me,Anh,Chi,Em) values (n'123',n'adaw',n'dwadaw',n'dwadaw',n'dawda',n'aa')] --> 
21.07.2020 03:40:23 <!-- sql=[insert into chuyenmonnghiepvu (id,TenTruong,NganhHoc,ThoiGianHoc,HinhThucHoc,TrinhDo) values (n'123',n'a',n'v',n'12/2/2020',n'a',n'a')] --> 
21.07.2020 03:40:23 <!-- sql=[insert into quatrinhcongtac (id,ThoiGian,ChucDanhChucVuDonViCongTac) values (n'123',n'20/2/2020',n'a')] --> 
21.07.2020 03:40:32 <!-- sql=[insert into form2c (id,HoTen,CacTenGoiKhac,CMND,GioiTinh,NgaySinh,QuocTich,NoiSinh,QueQuan,NoiTamTru,NoiThuongTru,DanToc,TonGiao,NgheNghiepKhiDuocTuyenDung,NgayTuyenDung,CoQuanTuyenDung,ChucVuHienTai,CongViecChinhDuocGiao,NgachCongChuc,MaNgach,DanhHieuDuocPhong,SoTruongCongTac,CongViecLamLauNhat,KhenThuong,KyLuat,TinhTrangSucKhoe,Cao,CanNang,NhomMau,ThuongBinh,GiaDinhLietSi,Ngayvaodang,Ngaynhapngu,Ngayxuatngu,Quanham) values (n'123',n'a',n'ac',n'1111',n'nam',n'12/12/1999',n'ca',n'casc',n'cac',n'cac',n'cac',n'awaf',n'awdwa',n'fawf',n'10/01/2020',n'fawfaw',n'adawdwa',n'awdw',n'awda',n'1111',n'awdw',n'awdwad',n'awdwdwa',n'xc',n'dawd',n'tot',n'18',n'12',n'dasda',n'a',n'v',n'10/01/2020',n'10/01/2020',n'10/01/2020',n'dwad')] --> 
21.07.2020 03:40:32 <!-- sql=[insert into quanhegiadinh (id,Bo,Me,Vo,Chong,ConCai) values (n'123',n'aca',n'a',n'az',n'xa',n'xax')] --> 
21.07.2020 03:40:32 <!-- sql=[insert into quanhebenvo (id,Bo,Me,Anh,Chi,Em) values (n'123',n'adaw',n'dwadaw',n'dwadaw',n'dawda',n'aa')] --> 
21.07.2020 03:40:32 <!-- sql=[insert into chuyenmonnghiepvu (id,TenTruong,NganhHoc,ThoiGianHoc,HinhThucHoc,TrinhDo) values (n'123',n'a',n'v',n'12/2/2020',n'a',n'a')] --> 
21.07.2020 03:40:32 <!-- sql=[insert into quatrinhcongtac (id,ThoiGian,ChucDanhChucVuDonViCongTac) values (n'123',n'20/2/2020',n'a')] --> 
21.07.2020 03:40:34 <!-- sql=[insert into form2c (id,HoTen,CacTenGoiKhac,CMND,GioiTinh,NgaySinh,QuocTich,NoiSinh,QueQuan,NoiTamTru,NoiThuongTru,DanToc,TonGiao,NgheNghiepKhiDuocTuyenDung,NgayTuyenDung,CoQuanTuyenDung,ChucVuHienTai,CongViecChinhDuocGiao,NgachCongChuc,MaNgach,DanhHieuDuocPhong,SoTruongCongTac,CongViecLamLauNhat,KhenThuong,KyLuat,TinhTrangSucKhoe,Cao,CanNang,NhomMau,ThuongBinh,GiaDinhLietSi,Ngayvaodang,Ngaynhapngu,Ngayxuatngu,Quanham) values (n'123',n'a',n'ac',n'1111',n'nam',n'12/12/1999',n'ca',n'casc',n'cac',n'cac',n'cac',n'awaf',n'awdwa',n'fawf',n'10/01/2020',n'fawfaw',n'adawdwa',n'awdw',n'awda',n'1111',n'awdw',n'awdwad',n'awdwdwa',n'xc',n'dawd',n'tot',n'18',n'12',n'dasda',n'a',n'v',n'10/01/2020',n'10/01/2020',n'10/01/2020',n'dwad')] --> 
21.07.2020 03:40:34 <!-- sql=[insert into quanhegiadinh (id,Bo,Me,Vo,Chong,ConCai) values (n'123',n'aca',n'a',n'az',n'xa',n'xax')] --> 
21.07.2020 03:40:34 <!-- sql=[insert into quanhebenvo (id,Bo,Me,Anh,Chi,Em) values (n'123',n'adaw',n'dwadaw',n'dwadaw',n'dawda',n'aa')] --> 
21.07.2020 03:40:34 <!-- sql=[insert into chuyenmonnghiepvu (id,TenTruong,NganhHoc,ThoiGianHoc,HinhThucHoc,TrinhDo) values (n'123',n'a',n'v',n'12/2/2020',n'a',n'a')] --> 
21.07.2020 03:40:34 <!-- sql=[insert into quatrinhcongtac (id,ThoiGian,ChucDanhChucVuDonViCongTac) values (n'123',n'20/2/2020',n'a')] --> 
21.07.2020 03:40:39 <!-- sql=[insert into form2c (id,HoTen,CacTenGoiKhac,CMND,GioiTinh,NgaySinh,QuocTich,NoiSinh,QueQuan,NoiTamTru,NoiThuongTru,DanToc,TonGiao,NgheNghiepKhiDuocTuyenDung,NgayTuyenDung,CoQuanTuyenDung,ChucVuHienTai,CongViecChinhDuocGiao,NgachCongChuc,MaNgach,DanhHieuDuocPhong,SoTruongCongTac,CongViecLamLauNhat,KhenThuong,KyLuat,TinhTrangSucKhoe,Cao,CanNang,NhomMau,ThuongBinh,GiaDinhLietSi,Ngayvaodang,Ngaynhapngu,Ngayxuatngu,Quanham) values (n'123',n'a',n'ac',n'1111',n'nam',n'12/12/1999',n'ca',n'casc',n'cac',n'cac',n'cac',n'awaf',n'awdwa',n'fawf',n'10/01/2020',n'fawfaw',n'adawdwa',n'awdw',n'awda',n'1111',n'awdw',n'awdwad',n'awdwdwa',n'xc',n'dawd',n'tot',n'18',n'12',n'dasda',n'a',n'v',n'10/01/2020',n'10/01/2020',n'10/01/2020',n'dwad')] --> 
21.07.2020 03:40:39 <!-- sql=[insert into quanhegiadinh (id,Bo,Me,Vo,Chong,ConCai) values (n'123',n'aca',n'a',n'az',n'xa',n'xax')] --> 
21.07.2020 03:40:40 <!-- sql=[insert into quanhebenvo (id,Bo,Me,Anh,Chi,Em) values (n'123',n'adaw',n'dwadaw',n'dwadaw',n'dawda',n'aa')] --> 
21.07.2020 03:40:40 <!-- sql=[insert into chuyenmonnghiepvu (id,TenTruong,NganhHoc,ThoiGianHoc,HinhThucHoc,TrinhDo) values (n'123',n'a',n'v',n'12/2/2020',n'a',n'a')] --> 
21.07.2020 03:40:40 <!-- sql=[insert into quatrinhcongtac (id,ThoiGian,ChucDanhChucVuDonViCongTac) values (n'123',n'20/2/2020',n'a')] --> 
21.07.2020 03:40:46 <!-- sql=[insert into form2c (id,HoTen,CacTenGoiKhac,CMND,GioiTinh,NgaySinh,QuocTich,NoiSinh,QueQuan,NoiTamTru,NoiThuongTru,DanToc,TonGiao,NgheNghiepKhiDuocTuyenDung,NgayTuyenDung,CoQuanTuyenDung,ChucVuHienTai,CongViecChinhDuocGiao,NgachCongChuc,MaNgach,DanhHieuDuocPhong,SoTruongCongTac,CongViecLamLauNhat,KhenThuong,KyLuat,TinhTrangSucKhoe,Cao,CanNang,NhomMau,ThuongBinh,GiaDinhLietSi,Ngayvaodang,Ngaynhapngu,Ngayxuatngu,Quanham) values (n'123',n'a',n'ac',n'1111',n'nam',n'12/12/1999',n'ca',n'casc',n'cac',n'cac',n'cac',n'awaf',n'awdwa',n'fawf',n'10/01/2020',n'fawfaw',n'adawdwa',n'awdw',n'awda',n'1111',n'awdw',n'awdwad',n'awdwdwa',n'xc',n'dawd',n'tot',n'18',n'12',n'dasda',n'a',n'v',n'10/01/2020',n'10/01/2020',n'10/01/2020',n'dwad')] --> 
21.07.2020 03:40:46 <!-- sql=[insert into quanhegiadinh (id,Bo,Me,Vo,Chong,ConCai) values (n'123',n'aca',n'a',n'az',n'xa',n'xax')] --> 
21.07.2020 03:40:47 <!-- sql=[insert into quanhebenvo (id,Bo,Me,Anh,Chi,Em) values (n'123',n'adaw',n'dwadaw',n'dwadaw',n'dawda',n'aa')] --> 
21.07.2020 03:40:47 <!-- sql=[insert into chuyenmonnghiepvu (id,TenTruong,NganhHoc,ThoiGianHoc,HinhThucHoc,TrinhDo) values (n'123',n'a',n'v',n'12/2/2020',n'a',n'a')] --> 
21.07.2020 03:40:47 <!-- sql=[insert into quatrinhcongtac (id,ThoiGian,ChucDanhChucVuDonViCongTac) values (n'123',n'20/2/2020',n'a')] --> 
21.07.2020 03:40:54 <!-- sql=[insert into form2c (id,HoTen,CacTenGoiKhac,CMND,GioiTinh,NgaySinh,QuocTich,NoiSinh,QueQuan,NoiTamTru,NoiThuongTru,DanToc,TonGiao,NgheNghiepKhiDuocTuyenDung,NgayTuyenDung,CoQuanTuyenDung,ChucVuHienTai,CongViecChinhDuocGiao,NgachCongChuc,MaNgach,DanhHieuDuocPhong,SoTruongCongTac,CongViecLamLauNhat,KhenThuong,KyLuat,TinhTrangSucKhoe,Cao,CanNang,NhomMau,ThuongBinh,GiaDinhLietSi,Ngayvaodang,Ngaynhapngu,Ngayxuatngu,Quanham) values (n'123',n'a',n'ac',n'1111',n'nam',n'12/12/1999',n'ca',n'casc',n'cac',n'cac',n'cac',n'awaf',n'awdwa',n'fawf',n'10/01/2020',n'fawfaw',n'adawdwa',n'awdw',n'awda',n'1111',n'awdw',n'awdwad',n'awdwdwa',n'xc',n'dawd',n'tot',n'18',n'12',n'dasda',n'a',n'v',n'10/01/2020',n'10/01/2020',n'10/01/2020',n'dwad')] --> 
21.07.2020 03:40:54 <!-- sql=[insert into quanhegiadinh (id,Bo,Me,Vo,Chong,ConCai) values (n'123',n'aca',n'a',n'az',n'xa',n'xax')] --> 
21.07.2020 03:40:54 <!-- sql=[insert into quanhebenvo (id,Bo,Me,Anh,Chi,Em) values (n'123',n'adaw',n'dwadaw',n'dwadaw',n'dawda',n'aa')] --> 
21.07.2020 03:40:54 <!-- sql=[insert into chuyenmonnghiepvu (id,TenTruong,NganhHoc,ThoiGianHoc,HinhThucHoc,TrinhDo) values (n'123',n'a',n'v',n'12/2/2020',n'a',n'a')] --> 
21.07.2020 03:40:54 <!-- sql=[insert into quatrinhcongtac (id,ThoiGian,ChucDanhChucVuDonViCongTac) values (n'123',n'20/2/2020',n'a')] --> 
21.07.2020 03:41:00 <!-- sql=[insert into form2c (id,HoTen,CacTenGoiKhac,CMND,GioiTinh,NgaySinh,QuocTich,NoiSinh,QueQuan,NoiTamTru,NoiThuongTru,DanToc,TonGiao,NgheNghiepKhiDuocTuyenDung,NgayTuyenDung,CoQuanTuyenDung,ChucVuHienTai,CongViecChinhDuocGiao,NgachCongChuc,MaNgach,DanhHieuDuocPhong,SoTruongCongTac,CongViecLamLauNhat,KhenThuong,KyLuat,TinhTrangSucKhoe,Cao,CanNang,NhomMau,ThuongBinh,GiaDinhLietSi,Ngayvaodang,Ngaynhapngu,Ngayxuatngu,Quanham) values (n'123',n'a',n'ac',n'1111',n'nam',n'12/12/1999',n'ca',n'casc',n'cac',n'cac',n'cac',n'awaf',n'awdwa',n'fawf',n'10/01/2020',n'fawfaw',n'adawdwa',n'awdw',n'awda',n'1111',n'awdw',n'awdwad',n'awdwdwa',n'xc',n'dawd',n'tot',n'18',n'12',n'dasda',n'a',n'v',n'10/01/2020',n'10/01/2020',n'10/01/2020',n'dwad')] --> 
21.07.2020 03:41:00 <!-- sql=[insert into quanhegiadinh (id,Bo,Me,Vo,Chong,ConCai) values (n'123',n'aca',n'a',n'az',n'xa',n'xax')] --> 
21.07.2020 03:41:00 <!-- sql=[insert into quanhebenvo (id,Bo,Me,Anh,Chi,Em) values (n'123',n'adaw',n'dwadaw',n'dwadaw',n'dawda',n'aa')] --> 
21.07.2020 03:41:00 <!-- sql=[insert into chuyenmonnghiepvu (id,TenTruong,NganhHoc,ThoiGianHoc,HinhThucHoc,TrinhDo) values (n'123',n'a',n'v',n'12/2/2020',n'a',n'a')] --> 
21.07.2020 03:41:00 <!-- sql=[insert into quatrinhcongtac (id,ThoiGian,ChucDanhChucVuDonViCongTac) values (n'123',n'20/2/2020',n'a')] --> 
21.07.2020 03:42:26 <!-- sql=[insert into form2c (id,HoTen,CacTenGoiKhac,CMND,GioiTinh,NgaySinh,QuocTich,NoiSinh,QueQuan,NoiTamTru,NoiThuongTru,DanToc,TonGiao,NgheNghiepKhiDuocTuyenDung,NgayTuyenDung,CoQuanTuyenDung,ChucVuHienTai,CongViecChinhDuocGiao,NgachCongChuc,MaNgach,DanhHieuDuocPhong,SoTruongCongTac,CongViecLamLauNhat,KhenThuong,KyLuat,TinhTrangSucKhoe,Cao,CanNang,NhomMau,ThuongBinh,GiaDinhLietSi,Ngayvaodang,Ngaynhapngu,Ngayxuatngu,Quanham) values (n'123',n'a',n'ac',n'1111',n'nam',n'12/12/1999',n'ca',n'casc',n'cac',n'cac',n'cac',n'awaf',n'awdwa',n'fawf',n'10/01/2020',n'fawfaw',n'adawdwa',n'awdw',n'awda',n'1111',n'awdw',n'awdwad',n'awdwdwa',n'xc',n'dawd',n'tot',n'18',n'12',n'dasda',n'a',n'v',n'10/01/2020',n'10/01/2020',n'10/01/2020',n'dwad')] --> 
21.07.2020 03:42:26 <!-- sql=[insert into quanhegiadinh (id,Bo,Me,Vo,Chong,ConCai) values (n'123',n'aca',n'a',n'az',n'xa',n'xax')] --> 
21.07.2020 03:42:26 <!-- sql=[insert into quanhebenvo (id,Bo,Me,Anh,Chi,Em) values (n'123',n'adaw',n'dwadaw',n'dwadaw',n'dawda',n'aa')] --> 
21.07.2020 03:42:27 <!-- sql=[insert into chuyenmonnghiepvu (id,TenTruong,NganhHoc,ThoiGianHoc,HinhThucHoc,TrinhDo) values (n'123',n'a',n'v',n'12/2/2020',n'a',n'a')] --> 
21.07.2020 03:42:27 <!-- sql=[insert into quatrinhcongtac (id,ThoiGian,ChucDanhChucVuDonViCongTac) values (n'123',n'20/2/2020',n'a')] --> 
21.07.2020 03:43:11 <!-- sql=[insert into form2c (id,HoTen,CacTenGoiKhac,CMND,GioiTinh,NgaySinh,QuocTich,NoiSinh,QueQuan,NoiTamTru,NoiThuongTru,DanToc,TonGiao,NgheNghiepKhiDuocTuyenDung,NgayTuyenDung,CoQuanTuyenDung,ChucVuHienTai,CongViecChinhDuocGiao,NgachCongChuc,MaNgach,DanhHieuDuocPhong,SoTruongCongTac,CongViecLamLauNhat,KhenThuong,KyLuat,TinhTrangSucKhoe,Cao,CanNang,NhomMau,ThuongBinh,GiaDinhLietSi,Ngayvaodang,Ngaynhapngu,Ngayxuatngu,Quanham) values (n'123',n'a',n'ac',n'1111',n'nam',n'12/12/1999',n'ca',n'casc',n'cac',n'cac',n'cac',n'awaf',n'awdwa',n'fawf',n'10/01/2020',n'fawfaw',n'adawdwa',n'awdw',n'awda',n'1111',n'awdw',n'awdwad',n'awdwdwa',n'xc',n'dawd',n'tot',n'18',n'12',n'dasda',n'a',n'v',n'10/01/2020',n'10/01/2020',n'10/01/2020',n'dwad')] --> 
21.07.2020 03:43:11 <!-- sql=[insert into quanhegiadinh (id,Bo,Me,Vo,Chong,ConCai) values (n'123',n'aca',n'a',n'az',n'xa',n'xax')] --> 
21.07.2020 03:43:11 <!-- sql=[insert into quanhebenvo (id,Bo,Me,Anh,Chi,Em) values (n'123',n'adaw',n'dwadaw',n'dwadaw',n'dawda',n'aa')] --> 
21.07.2020 03:43:11 <!-- sql=[insert into chuyenmonnghiepvu (id,TenTruong,NganhHoc,ThoiGianHoc,HinhThucHoc,TrinhDo) values (n'123',n'a',n'v',n'12/2/2020',n'a',n'a')] --> 
21.07.2020 03:43:11 <!-- sql=[insert into quatrinhcongtac (id,ThoiGian,ChucDanhChucVuDonViCongTac) values (n'123',n'20/2/2020',n'a')] --> 
21.07.2020 03:43:12 <!-- sql=[insert into form2c (id,HoTen,CacTenGoiKhac,CMND,GioiTinh,NgaySinh,QuocTich,NoiSinh,QueQuan,NoiTamTru,NoiThuongTru,DanToc,TonGiao,NgheNghiepKhiDuocTuyenDung,NgayTuyenDung,CoQuanTuyenDung,ChucVuHienTai,CongViecChinhDuocGiao,NgachCongChuc,MaNgach,DanhHieuDuocPhong,SoTruongCongTac,CongViecLamLauNhat,KhenThuong,KyLuat,TinhTrangSucKhoe,Cao,CanNang,NhomMau,ThuongBinh,GiaDinhLietSi,Ngayvaodang,Ngaynhapngu,Ngayxuatngu,Quanham) values (n'123',n'a',n'ac',n'1111',n'nam',n'12/12/1999',n'ca',n'casc',n'cac',n'cac',n'cac',n'awaf',n'awdwa',n'fawf',n'10/01/2020',n'fawfaw',n'adawdwa',n'awdw',n'awda',n'1111',n'awdw',n'awdwad',n'awdwdwa',n'xc',n'dawd',n'tot',n'18',n'12',n'dasda',n'a',n'v',n'10/01/2020',n'10/01/2020',n'10/01/2020',n'dwad')] --> 
21.07.2020 03:43:12 <!-- sql=[insert into quanhegiadinh (id,Bo,Me,Vo,Chong,ConCai) values (n'123',n'aca',n'a',n'az',n'xa',n'xax')] --> 
21.07.2020 03:43:12 <!-- sql=[insert into quanhebenvo (id,Bo,Me,Anh,Chi,Em) values (n'123',n'adaw',n'dwadaw',n'dwadaw',n'dawda',n'aa')] --> 
21.07.2020 03:43:12 <!-- sql=[insert into chuyenmonnghiepvu (id,TenTruong,NganhHoc,ThoiGianHoc,HinhThucHoc,TrinhDo) values (n'123',n'a',n'v',n'12/2/2020',n'a',n'a')] --> 
21.07.2020 03:43:12 <!-- sql=[insert into quatrinhcongtac (id,ThoiGian,ChucDanhChucVuDonViCongTac) values (n'123',n'20/2/2020',n'a')] --> 
21.07.2020 04:15:25 <!-- sql=[insert into form2c (id,HoTen,CacTenGoiKhac,CMND,GioiTinh,NgaySinh,QuocTich,NoiSinh,QueQuan,NoiTamTru,NoiThuongTru,DanToc,TonGiao,NgheNghiepKhiDuocTuyenDung,NgayTuyenDung,CoQuanTuyenDung,ChucVuHienTai,CongViecChinhDuocGiao,NgachCongChuc,MaNgach,DanhHieuDuocPhong,SoTruongCongTac,CongViecLamLauNhat,KhenThuong,KyLuat,TinhTrangSucKhoe,Cao,CanNang,NhomMau,ThuongBinh,GiaDinhLietSi,Ngayvaodang,Ngaynhapngu,Ngayxuatngu,Quanham) values (n'123',n'a',n'ac',n'1111',n'nam',n'12/12/1999',n'ca',n'casc',n'cac',n'cac',n'cac',n'awaf',n'awdwa',n'fawf',n'10/01/2020',n'fawfaw',n'adawdwa',n'awdw',n'awda',n'1111',n'awdw',n'awdwad',n'awdwdwa',n'xc',n'dawd',n'tot',n'18',n'12',n'dasda',n'a',n'v',n'10/01/2020',n'10/01/2020',n'10/01/2020',n'dwad')] --> 
21.07.2020 04:15:25 <!-- sql=[insert into quanhegiadinh (id,Bo,Me,Vo,Chong,ConCai) values (n'123',n'aca',n'a',n'az',n'xa',n'xax')] --> 
21.07.2020 04:15:25 <!-- sql=[insert into quanhebenvo (id,Bo,Me,Anh,Chi,Em) values (n'123',n'adaw',n'dwadaw',n'dwadaw',n'dawda',n'aa')] --> 
21.07.2020 04:15:25 <!-- sql=[insert into chuyenmonnghiepvu (id,TenTruong,NganhHoc,ThoiGianHoc,HinhThucHoc,TrinhDo) values (n'123',n'a',n'v',n'12/2/2020',n'a',n'a')] --> 
21.07.2020 04:15:25 <!-- sql=[insert into quatrinhcongtac (id,ThoiGian,ChucDanhChucVuDonViCongTac) values (n'123',n'20/2/2020',n'a')] --> 
21.07.2020 04:15:27 <!-- sql=[insert into form2c (id,HoTen,CacTenGoiKhac,CMND,GioiTinh,NgaySinh,QuocTich,NoiSinh,QueQuan,NoiTamTru,NoiThuongTru,DanToc,TonGiao,NgheNghiepKhiDuocTuyenDung,NgayTuyenDung,CoQuanTuyenDung,ChucVuHienTai,CongViecChinhDuocGiao,NgachCongChuc,MaNgach,DanhHieuDuocPhong,SoTruongCongTac,CongViecLamLauNhat,KhenThuong,KyLuat,TinhTrangSucKhoe,Cao,CanNang,NhomMau,ThuongBinh,GiaDinhLietSi,Ngayvaodang,Ngaynhapngu,Ngayxuatngu,Quanham) values (n'123',n'a',n'ac',n'1111',n'nam',n'12/12/1999',n'ca',n'casc',n'cac',n'cac',n'cac',n'awaf',n'awdwa',n'fawf',n'10/01/2020',n'fawfaw',n'adawdwa',n'awdw',n'awda',n'1111',n'awdw',n'awdwad',n'awdwdwa',n'xc',n'dawd',n'tot',n'18',n'12',n'dasda',n'a',n'v',n'10/01/2020',n'10/01/2020',n'10/01/2020',n'dwad')] --> 
21.07.2020 04:15:27 <!-- sql=[insert into quanhegiadinh (id,Bo,Me,Vo,Chong,ConCai) values (n'123',n'aca',n'a',n'az',n'xa',n'xax')] --> 
21.07.2020 04:15:27 <!-- sql=[insert into quanhebenvo (id,Bo,Me,Anh,Chi,Em) values (n'123',n'adaw',n'dwadaw',n'dwadaw',n'dawda',n'aa')] --> 
21.07.2020 04:15:27 <!-- sql=[insert into chuyenmonnghiepvu (id,TenTruong,NganhHoc,ThoiGianHoc,HinhThucHoc,TrinhDo) values (n'123',n'a',n'v',n'12/2/2020',n'a',n'a')] --> 
21.07.2020 04:15:27 <!-- sql=[insert into quatrinhcongtac (id,ThoiGian,ChucDanhChucVuDonViCongTac) values (n'123',n'20/2/2020',n'a')] --> 
21.07.2020 04:15:36 <!-- sql=[insert into form2c (id,HoTen,CacTenGoiKhac,CMND,GioiTinh,NgaySinh,QuocTich,NoiSinh,QueQuan,NoiTamTru,NoiThuongTru,DanToc,TonGiao,NgheNghiepKhiDuocTuyenDung,NgayTuyenDung,CoQuanTuyenDung,ChucVuHienTai,CongViecChinhDuocGiao,NgachCongChuc,MaNgach,DanhHieuDuocPhong,SoTruongCongTac,CongViecLamLauNhat,KhenThuong,KyLuat,TinhTrangSucKhoe,Cao,CanNang,NhomMau,ThuongBinh,GiaDinhLietSi,Ngayvaodang,Ngaynhapngu,Ngayxuatngu,Quanham) values (n'123',n'a',n'ac',n'1111',n'nam',n'12/12/1999',n'ca',n'casc',n'cac',n'cac',n'cac',n'awaf',n'awdwa',n'fawf',n'10/01/2020',n'fawfaw',n'adawdwa',n'awdw',n'awda',n'1111',n'awdw',n'awdwad',n'awdwdwa',n'xc',n'dawd',n'tot',n'18',n'12',n'dasda',n'a',n'v',n'10/01/2020',n'10/01/2020',n'10/01/2020',n'dwad')] --> 
21.07.2020 04:15:36 <!-- sql=[insert into quanhegiadinh (id,Bo,Me,Vo,Chong,ConCai) values (n'123',n'aca',n'a',n'az',n'xa',n'xax')] --> 
21.07.2020 04:15:36 <!-- sql=[insert into quanhebenvo (id,Bo,Me,Anh,Chi,Em) values (n'123',n'adaw',n'dwadaw',n'dwadaw',n'dawda',n'aa')] --> 
21.07.2020 04:15:36 <!-- sql=[insert into chuyenmonnghiepvu (id,TenTruong,NganhHoc,ThoiGianHoc,HinhThucHoc,TrinhDo) values (n'123',n'a',n'v',n'12/2/2020',n'a',n'a')] --> 
21.07.2020 04:15:36 <!-- sql=[insert into quatrinhcongtac (id,ThoiGian,ChucDanhChucVuDonViCongTac) values (n'123',n'20/2/2020',n'a')] --> 
21.07.2020 04:15:45 <!-- sql=[insert into form2c (id,HoTen,CacTenGoiKhac,CMND,GioiTinh,NgaySinh,QuocTich,NoiSinh,QueQuan,NoiTamTru,NoiThuongTru,DanToc,TonGiao,NgheNghiepKhiDuocTuyenDung,NgayTuyenDung,CoQuanTuyenDung,ChucVuHienTai,CongViecChinhDuocGiao,NgachCongChuc,MaNgach,DanhHieuDuocPhong,SoTruongCongTac,CongViecLamLauNhat,KhenThuong,KyLuat,TinhTrangSucKhoe,Cao,CanNang,NhomMau,ThuongBinh,GiaDinhLietSi,Ngayvaodang,Ngaynhapngu,Ngayxuatngu,Quanham) values (n'123',n'a',n'ac',n'1111',n'nam',n'12/12/1999',n'ca',n'casc',n'cac',n'cac',n'cac',n'awaf',n'awdwa',n'fawf',n'10/01/2020',n'fawfaw',n'adawdwa',n'awdw',n'awda',n'1111',n'awdw',n'awdwad',n'awdwdwa',n'xc',n'dawd',n'tot',n'18',n'12',n'dasda',n'a',n'v',n'10/01/2020',n'10/01/2020',n'10/01/2020',n'dwad')] --> 
21.07.2020 04:15:45 <!-- sql=[insert into quanhegiadinh (id,Bo,Me,Vo,Chong,ConCai) values (n'123',n'aca',n'a',n'az',n'xa',n'xax')] --> 
21.07.2020 04:15:45 <!-- sql=[insert into quanhebenvo (id,Bo,Me,Anh,Chi,Em) values (n'123',n'adaw',n'dwadaw',n'dwadaw',n'dawda',n'aa')] --> 
21.07.2020 04:15:45 <!-- sql=[insert into chuyenmonnghiepvu (id,TenTruong,NganhHoc,ThoiGianHoc,HinhThucHoc,TrinhDo) values (n'123',n'a',n'v',n'12/2/2020',n'a',n'a')] --> 
21.07.2020 04:15:45 <!-- sql=[insert into quatrinhcongtac (id,ThoiGian,ChucDanhChucVuDonViCongTac) values (n'123',n'20/2/2020',n'a')] --> 
21.07.2020 04:16:03 <!-- sql=[insert into form2c (id,HoTen,CacTenGoiKhac,CMND,GioiTinh,NgaySinh,QuocTich,NoiSinh,QueQuan,NoiTamTru,NoiThuongTru,DanToc,TonGiao,NgheNghiepKhiDuocTuyenDung,NgayTuyenDung,CoQuanTuyenDung,ChucVuHienTai,CongViecChinhDuocGiao,NgachCongChuc,MaNgach,DanhHieuDuocPhong,SoTruongCongTac,CongViecLamLauNhat,KhenThuong,KyLuat,TinhTrangSucKhoe,Cao,CanNang,NhomMau,ThuongBinh,GiaDinhLietSi,Ngayvaodang,Ngaynhapngu,Ngayxuatngu,Quanham) values (n'123',n'a',n'ac',n'1111',n'nam',n'12/12/1999',n'ca',n'casc',n'cac',n'cac',n'cac',n'awaf',n'awdwa',n'fawf',n'10/01/2020',n'fawfaw',n'adawdwa',n'awdw',n'awda',n'1111',n'awdw',n'awdwad',n'awdwdwa',n'xc',n'dawd',n'tot',n'18',n'12',n'dasda',n'a',n'v',n'10/01/2020',n'10/01/2020',n'10/01/2020',n'dwad')] --> 
21.07.2020 04:16:03 <!-- sql=[insert into quanhegiadinh (id,Bo,Me,Vo,Chong,ConCai) values (n'123',n'aca',n'a',n'az',n'xa',n'xax')] --> 
21.07.2020 04:16:03 <!-- sql=[insert into quanhebenvo (id,Bo,Me,Anh,Chi,Em) values (n'123',n'adaw',n'dwadaw',n'dwadaw',n'dawda',n'aa')] --> 
21.07.2020 04:16:03 <!-- sql=[insert into chuyenmonnghiepvu (id,TenTruong,NganhHoc,ThoiGianHoc,HinhThucHoc,TrinhDo) values (n'123',n'a',n'v',n'12/2/2020',n'a',n'a')] --> 
21.07.2020 04:16:03 <!-- sql=[insert into quatrinhcongtac (id,ThoiGian,ChucDanhChucVuDonViCongTac) values (n'123',n'20/2/2020',n'a')] --> 
21.07.2020 04:16:32 <!-- sql=[insert into form2c (id,HoTen,CacTenGoiKhac,CMND,GioiTinh,NgaySinh,QuocTich,NoiSinh,QueQuan,NoiTamTru,NoiThuongTru,DanToc,TonGiao,NgheNghiepKhiDuocTuyenDung,NgayTuyenDung,CoQuanTuyenDung,ChucVuHienTai,CongViecChinhDuocGiao,NgachCongChuc,MaNgach,DanhHieuDuocPhong,SoTruongCongTac,CongViecLamLauNhat,KhenThuong,KyLuat,TinhTrangSucKhoe,Cao,CanNang,NhomMau,ThuongBinh,GiaDinhLietSi,Ngayvaodang,Ngaynhapngu,Ngayxuatngu,Quanham) values (n'123',n'a',n'ac',n'1111',n'nam',n'12/12/1999',n'ca',n'casc',n'cac',n'cac',n'cac',n'awaf',n'awdwa',n'fawf',n'10/01/2020',n'fawfaw',n'adawdwa',n'awdw',n'awda',n'1111',n'awdw',n'awdwad',n'awdwdwa',n'xc',n'dawd',n'tot',n'18',n'12',n'dasda',n'a',n'v',n'10/01/2020',n'10/01/2020',n'10/01/2020',n'dwad')] --> 
21.07.2020 04:16:32 <!-- sql=[insert into quanhegiadinh (id,Bo,Me,Vo,Chong,ConCai) values (n'123',n'aca',n'a',n'az',n'xa',n'xax')] --> 
21.07.2020 04:16:32 <!-- sql=[insert into quanhebenvo (id,Bo,Me,Anh,Chi,Em) values (n'123',n'adaw',n'dwadaw',n'dwadaw',n'dawda',n'aa')] --> 
21.07.2020 04:16:32 <!-- sql=[insert into chuyenmonnghiepvu (id,TenTruong,NganhHoc,ThoiGianHoc,HinhThucHoc,TrinhDo) values (n'123',n'a',n'v',n'12/2/2020',n'a',n'a')] --> 
21.07.2020 04:16:32 <!-- sql=[insert into quatrinhcongtac (id,ThoiGian,ChucDanhChucVuDonViCongTac) values (n'123',n'20/2/2020',n'a')] --> 
21.07.2020 04:17:18 <!-- sql=[insert into form2c (id,HoTen,CacTenGoiKhac,CMND,GioiTinh,NgaySinh,QuocTich,NoiSinh,QueQuan,NoiTamTru,NoiThuongTru,DanToc,TonGiao,NgheNghiepKhiDuocTuyenDung,NgayTuyenDung,CoQuanTuyenDung,ChucVuHienTai,CongViecChinhDuocGiao,NgachCongChuc,MaNgach,DanhHieuDuocPhong,SoTruongCongTac,CongViecLamLauNhat,KhenThuong,KyLuat,TinhTrangSucKhoe,Cao,CanNang,NhomMau,ThuongBinh,GiaDinhLietSi,Ngayvaodang,Ngaynhapngu,Ngayxuatngu,Quanham) values (n'123',n'a',n'ac',n'1111',n'nam',n'12/12/1999',n'ca',n'casc',n'cac',n'cac',n'cac',n'awaf',n'awdwa',n'fawf',n'10/01/2020',n'fawfaw',n'adawdwa',n'awdw',n'awda',n'1111',n'awdw',n'awdwad',n'awdwdwa',n'xc',n'dawd',n'tot',n'18',n'12',n'dasda',n'a',n'v',n'10/01/2020',n'10/01/2020',n'10/01/2020',n'dwad')] --> 
21.07.2020 04:17:18 <!-- sql=[insert into quanhegiadinh (id,Bo,Me,Vo,Chong,ConCai) values (n'123',n'aca',n'a',n'az',n'xa',n'xax')] --> 
21.07.2020 04:17:18 <!-- sql=[insert into quanhebenvo (id,Bo,Me,Anh,Chi,Em) values (n'123',n'adaw',n'dwadaw',n'dwadaw',n'dawda',n'aa')] --> 
21.07.2020 04:17:18 <!-- sql=[insert into chuyenmonnghiepvu (id,TenTruong,NganhHoc,ThoiGianHoc,HinhThucHoc,TrinhDo) values (n'123',n'a',n'v',n'12/2/2020',n'a',n'a')] --> 
21.07.2020 04:17:18 <!-- sql=[insert into quatrinhcongtac (id,ThoiGian,ChucDanhChucVuDonViCongTac) values (n'123',n'20/2/2020',n'a')] --> 
21.07.2020 04:17:26 <!-- sql=[insert into form2c (id,HoTen,CacTenGoiKhac,CMND,GioiTinh,NgaySinh,QuocTich,NoiSinh,QueQuan,NoiTamTru,NoiThuongTru,DanToc,TonGiao,NgheNghiepKhiDuocTuyenDung,NgayTuyenDung,CoQuanTuyenDung,ChucVuHienTai,CongViecChinhDuocGiao,NgachCongChuc,MaNgach,DanhHieuDuocPhong,SoTruongCongTac,CongViecLamLauNhat,KhenThuong,KyLuat,TinhTrangSucKhoe,Cao,CanNang,NhomMau,ThuongBinh,GiaDinhLietSi,Ngayvaodang,Ngaynhapngu,Ngayxuatngu,Quanham) values (n'123',n'a',n'ac',n'1111',n'nam',n'12/12/1999',n'ca',n'casc',n'cac',n'cac',n'cac',n'awaf',n'awdwa',n'fawf',n'10/01/2020',n'fawfaw',n'adawdwa',n'awdw',n'awda',n'1111',n'awdw',n'awdwad',n'awdwdwa',n'xc',n'dawd',n'tot',n'18',n'12',n'dasda',n'a',n'v',n'10/01/2020',n'10/01/2020',n'10/01/2020',n'dwad')] --> 
21.07.2020 04:17:26 <!-- sql=[insert into quanhegiadinh (id,Bo,Me,Vo,Chong,ConCai) values (n'123',n'aca',n'a',n'az',n'xa',n'xax')] --> 
21.07.2020 04:17:26 <!-- sql=[insert into quanhebenvo (id,Bo,Me,Anh,Chi,Em) values (n'123',n'adaw',n'dwadaw',n'dwadaw',n'dawda',n'aa')] --> 
21.07.2020 04:17:26 <!-- sql=[insert into chuyenmonnghiepvu (id,TenTruong,NganhHoc,ThoiGianHoc,HinhThucHoc,TrinhDo) values (n'123',n'a',n'v',n'12/2/2020',n'a',n'a')] --> 
21.07.2020 04:17:26 <!-- sql=[insert into quatrinhcongtac (id,ThoiGian,ChucDanhChucVuDonViCongTac) values (n'123',n'20/2/2020',n'a')] --> 
21.07.2020 04:17:46 <!-- sql=[insert into form2c (id,HoTen,CacTenGoiKhac,CMND,GioiTinh,NgaySinh,QuocTich,NoiSinh,QueQuan,NoiTamTru,NoiThuongTru,DanToc,TonGiao,NgheNghiepKhiDuocTuyenDung,NgayTuyenDung,CoQuanTuyenDung,ChucVuHienTai,CongViecChinhDuocGiao,NgachCongChuc,MaNgach,DanhHieuDuocPhong,SoTruongCongTac,CongViecLamLauNhat,KhenThuong,KyLuat,TinhTrangSucKhoe,Cao,CanNang,NhomMau,ThuongBinh,GiaDinhLietSi,Ngayvaodang,Ngaynhapngu,Ngayxuatngu,Quanham) values (n'123',n'a',n'ac',n'1111',n'nam',n'12/12/1999',n'ca',n'casc',n'cac',n'cac',n'cac',n'awaf',n'awdwa',n'fawf',n'10/01/2020',n'fawfaw',n'adawdwa',n'awdw',n'awda',n'1111',n'awdw',n'awdwad',n'awdwdwa',n'xc',n'dawd',n'tot',n'18',n'12',n'dasda',n'a',n'v',n'10/01/2020',n'10/01/2020',n'10/01/2020',n'dwad')] --> 
21.07.2020 04:17:46 <!-- sql=[insert into quanhegiadinh (id,Bo,Me,Vo,Chong,ConCai) values (n'123',n'aca',n'a',n'az',n'xa',n'xax')] --> 
21.07.2020 04:17:46 <!-- sql=[insert into quanhebenvo (id,Bo,Me,Anh,Chi,Em) values (n'123',n'adaw',n'dwadaw',n'dwadaw',n'dawda',n'aa')] --> 
21.07.2020 04:17:46 <!-- sql=[insert into chuyenmonnghiepvu (id,TenTruong,NganhHoc,ThoiGianHoc,HinhThucHoc,TrinhDo) values (n'123',n'a',n'v',n'12/2/2020',n'a',n'a')] --> 
21.07.2020 04:17:46 <!-- sql=[insert into quatrinhcongtac (id,ThoiGian,ChucDanhChucVuDonViCongTac) values (n'123',n'20/2/2020',n'a')] --> 
21.07.2020 04:18:13 <!-- sql=[insert into form2c (id,HoTen,CacTenGoiKhac,CMND,GioiTinh,NgaySinh,QuocTich,NoiSinh,QueQuan,NoiTamTru,NoiThuongTru,DanToc,TonGiao,NgheNghiepKhiDuocTuyenDung,NgayTuyenDung,CoQuanTuyenDung,ChucVuHienTai,CongViecChinhDuocGiao,NgachCongChuc,MaNgach,DanhHieuDuocPhong,SoTruongCongTac,CongViecLamLauNhat,KhenThuong,KyLuat,TinhTrangSucKhoe,Cao,CanNang,NhomMau,ThuongBinh,GiaDinhLietSi,Ngayvaodang,Ngaynhapngu,Ngayxuatngu,Quanham) values (n'123',n'a',n'ac',n'1111',n'nam',n'12/12/1999',n'ca',n'casc',n'cac',n'cac',n'cac',n'awaf',n'awdwa',n'fawf',n'10/01/2020',n'fawfaw',n'adawdwa',n'awdw',n'awda',n'1111',n'awdw',n'awdwad',n'awdwdwa',n'xc',n'dawd',n'tot',n'18',n'12',n'dasda',n'a',n'v',n'10/01/2020',n'10/01/2020',n'10/01/2020',n'dwad')] --> 
21.07.2020 04:18:13 <!-- sql=[insert into quanhegiadinh (id,Bo,Me,Vo,Chong,ConCai) values (n'123',n'aca',n'a',n'az',n'xa',n'xax')] --> 
21.07.2020 04:18:13 <!-- sql=[insert into quanhebenvo (id,Bo,Me,Anh,Chi,Em) values (n'123',n'adaw',n'dwadaw',n'dwadaw',n'dawda',n'aa')] --> 
21.07.2020 04:18:13 <!-- sql=[insert into chuyenmonnghiepvu (id,TenTruong,NganhHoc,ThoiGianHoc,HinhThucHoc,TrinhDo) values (n'123',n'a',n'v',n'12/2/2020',n'a',n'a')] --> 
21.07.2020 04:18:13 <!-- sql=[insert into quatrinhcongtac (id,ThoiGian,ChucDanhChucVuDonViCongTac) values (n'123',n'20/2/2020',n'a')] --> 
21.07.2020 04:18:22 <!-- sql=[insert into form2c (id,HoTen,CacTenGoiKhac,CMND,GioiTinh,NgaySinh,QuocTich,NoiSinh,QueQuan,NoiTamTru,NoiThuongTru,DanToc,TonGiao,NgheNghiepKhiDuocTuyenDung,NgayTuyenDung,CoQuanTuyenDung,ChucVuHienTai,CongViecChinhDuocGiao,NgachCongChuc,MaNgach,DanhHieuDuocPhong,SoTruongCongTac,CongViecLamLauNhat,KhenThuong,KyLuat,TinhTrangSucKhoe,Cao,CanNang,NhomMau,ThuongBinh,GiaDinhLietSi,Ngayvaodang,Ngaynhapngu,Ngayxuatngu,Quanham) values (n'123',n'a',n'ac',n'1111',n'nam',n'12/12/1999',n'ca',n'casc',n'cac',n'cac',n'cac',n'awaf',n'awdwa',n'fawf',n'10/01/2020',n'fawfaw',n'adawdwa',n'awdw',n'awda',n'1111',n'awdw',n'awdwad',n'awdwdwa',n'xc',n'dawd',n'tot',n'18',n'12',n'dasda',n'a',n'v',n'10/01/2020',n'10/01/2020',n'10/01/2020',n'dwad')] --> 
21.07.2020 04:18:22 <!-- sql=[insert into quanhegiadinh (id,Bo,Me,Vo,Chong,ConCai) values (n'123',n'aca',n'a',n'az',n'xa',n'xax')] --> 
21.07.2020 04:18:22 <!-- sql=[insert into quanhebenvo (id,Bo,Me,Anh,Chi,Em) values (n'123',n'adaw',n'dwadaw',n'dwadaw',n'dawda',n'aa')] --> 
21.07.2020 04:18:22 <!-- sql=[insert into chuyenmonnghiepvu (id,TenTruong,NganhHoc,ThoiGianHoc,HinhThucHoc,TrinhDo) values (n'123',n'a',n'v',n'12/2/2020',n'a',n'a')] --> 
21.07.2020 04:18:22 <!-- sql=[insert into quatrinhcongtac (id,ThoiGian,ChucDanhChucVuDonViCongTac) values (n'123',n'20/2/2020',n'a')] --> 
21.07.2020 04:18:26 <!-- sql=[insert into form2c (id,HoTen,CacTenGoiKhac,CMND,GioiTinh,NgaySinh,QuocTich,NoiSinh,QueQuan,NoiTamTru,NoiThuongTru,DanToc,TonGiao,NgheNghiepKhiDuocTuyenDung,NgayTuyenDung,CoQuanTuyenDung,ChucVuHienTai,CongViecChinhDuocGiao,NgachCongChuc,MaNgach,DanhHieuDuocPhong,SoTruongCongTac,CongViecLamLauNhat,KhenThuong,KyLuat,TinhTrangSucKhoe,Cao,CanNang,NhomMau,ThuongBinh,GiaDinhLietSi,Ngayvaodang,Ngaynhapngu,Ngayxuatngu,Quanham) values (n'123',n'a',n'ac',n'1111',n'nam',n'12/12/1999',n'ca',n'casc',n'cac',n'cac',n'cac',n'awaf',n'awdwa',n'fawf',n'10/01/2020',n'fawfaw',n'adawdwa',n'awdw',n'awda',n'1111',n'awdw',n'awdwad',n'awdwdwa',n'xc',n'dawd',n'tot',n'18',n'12',n'dasda',n'a',n'v',n'10/01/2020',n'10/01/2020',n'10/01/2020',n'dwad')] --> 
21.07.2020 04:18:26 <!-- sql=[insert into quanhegiadinh (id,Bo,Me,Vo,Chong,ConCai) values (n'123',n'aca',n'a',n'az',n'xa',n'xax')] --> 
21.07.2020 04:18:26 <!-- sql=[insert into quanhebenvo (id,Bo,Me,Anh,Chi,Em) values (n'123',n'adaw',n'dwadaw',n'dwadaw',n'dawda',n'aa')] --> 
21.07.2020 04:18:26 <!-- sql=[insert into chuyenmonnghiepvu (id,TenTruong,NganhHoc,ThoiGianHoc,HinhThucHoc,TrinhDo) values (n'123',n'a',n'v',n'12/2/2020',n'a',n'a')] --> 
21.07.2020 04:18:27 <!-- sql=[insert into quatrinhcongtac (id,ThoiGian,ChucDanhChucVuDonViCongTac) values (n'123',n'20/2/2020',n'a')] --> 
21.07.2020 04:18:34 <!-- sql=[insert into form2c (id,HoTen,CacTenGoiKhac,CMND,GioiTinh,NgaySinh,QuocTich,NoiSinh,QueQuan,NoiTamTru,NoiThuongTru,DanToc,TonGiao,NgheNghiepKhiDuocTuyenDung,NgayTuyenDung,CoQuanTuyenDung,ChucVuHienTai,CongViecChinhDuocGiao,NgachCongChuc,MaNgach,DanhHieuDuocPhong,SoTruongCongTac,CongViecLamLauNhat,KhenThuong,KyLuat,TinhTrangSucKhoe,Cao,CanNang,NhomMau,ThuongBinh,GiaDinhLietSi,Ngayvaodang,Ngaynhapngu,Ngayxuatngu,Quanham) values (n'123',n'a',n'ac',n'1111',n'nam',n'12/12/1999',n'ca',n'casc',n'cac',n'cac',n'cac',n'awaf',n'awdwa',n'fawf',n'10/01/2020',n'fawfaw',n'adawdwa',n'awdw',n'awda',n'1111',n'awdw',n'awdwad',n'awdwdwa',n'xc',n'dawd',n'tot',n'18',n'12',n'dasda',n'a',n'v',n'10/01/2020',n'10/01/2020',n'10/01/2020',n'dwad')] --> 
21.07.2020 04:18:34 <!-- sql=[insert into quanhegiadinh (id,Bo,Me,Vo,Chong,ConCai) values (n'123',n'aca',n'a',n'az',n'xa',n'xax')] --> 
21.07.2020 04:18:34 <!-- sql=[insert into quanhebenvo (id,Bo,Me,Anh,Chi,Em) values (n'123',n'adaw',n'dwadaw',n'dwadaw',n'dawda',n'aa')] --> 
21.07.2020 04:18:34 <!-- sql=[insert into chuyenmonnghiepvu (id,TenTruong,NganhHoc,ThoiGianHoc,HinhThucHoc,TrinhDo) values (n'123',n'a',n'v',n'12/2/2020',n'a',n'a')] --> 
21.07.2020 04:18:34 <!-- sql=[insert into quatrinhcongtac (id,ThoiGian,ChucDanhChucVuDonViCongTac) values (n'123',n'20/2/2020',n'a')] --> 
21.07.2020 04:19:16 <!-- sql=[insert into form2c (id,HoTen,CacTenGoiKhac,CMND,GioiTinh,NgaySinh,QuocTich,NoiSinh,QueQuan,NoiTamTru,NoiThuongTru,DanToc,TonGiao,NgheNghiepKhiDuocTuyenDung,NgayTuyenDung,CoQuanTuyenDung,ChucVuHienTai,CongViecChinhDuocGiao,NgachCongChuc,MaNgach,DanhHieuDuocPhong,SoTruongCongTac,CongViecLamLauNhat,KhenThuong,KyLuat,TinhTrangSucKhoe,Cao,CanNang,NhomMau,ThuongBinh,GiaDinhLietSi,Ngayvaodang,Ngaynhapngu,Ngayxuatngu,Quanham) values (n'123',n'a',n'ac',n'1111',n'nam',n'12/12/1999',n'ca',n'casc',n'cac',n'cac',n'cac',n'awaf',n'awdwa',n'fawf',n'10/01/2020',n'fawfaw',n'adawdwa',n'awdw',n'awda',n'1111',n'awdw',n'awdwad',n'awdwdwa',n'xc',n'dawd',n'tot',n'18',n'12',n'dasda',n'a',n'v',n'10/01/2020',n'10/01/2020',n'10/01/2020',n'dwad')] --> 
21.07.2020 04:19:16 <!-- sql=[insert into quanhegiadinh (id,Bo,Me,Vo,Chong,ConCai) values (n'123',n'aca',n'a',n'az',n'xa',n'xax')] --> 
21.07.2020 04:19:16 <!-- sql=[insert into quanhebenvo (id,Bo,Me,Anh,Chi,Em) values (n'123',n'adaw',n'dwadaw',n'dwadaw',n'dawda',n'aa')] --> 
21.07.2020 04:19:16 <!-- sql=[insert into chuyenmonnghiepvu (id,TenTruong,NganhHoc,ThoiGianHoc,HinhThucHoc,TrinhDo) values (n'123',n'a',n'v',n'12/2/2020',n'a',n'a')] --> 
21.07.2020 04:19:16 <!-- sql=[insert into quatrinhcongtac (id,ThoiGian,ChucDanhChucVuDonViCongTac) values (n'123',n'20/2/2020',n'a')] --> 
21.07.2020 04:20:13 <!-- sql=[insert into form2c (id,HoTen,CacTenGoiKhac,CMND,GioiTinh,NgaySinh,QuocTich,NoiSinh,QueQuan,NoiTamTru,NoiThuongTru,DanToc,TonGiao,NgheNghiepKhiDuocTuyenDung,NgayTuyenDung,CoQuanTuyenDung,ChucVuHienTai,CongViecChinhDuocGiao,NgachCongChuc,MaNgach,DanhHieuDuocPhong,SoTruongCongTac,CongViecLamLauNhat,KhenThuong,KyLuat,TinhTrangSucKhoe,Cao,CanNang,NhomMau,ThuongBinh,GiaDinhLietSi,Ngayvaodang,Ngaynhapngu,Ngayxuatngu,Quanham) values (n'123',n'a',n'ac',n'1111',n'nam',n'12/12/1999',n'ca',n'casc',n'cac',n'cac',n'cac',n'awaf',n'awdwa',n'fawf',n'10/01/2020',n'fawfaw',n'adawdwa',n'awdw',n'awda',n'1111',n'awdw',n'awdwad',n'awdwdwa',n'xc',n'dawd',n'tot',n'18',n'12',n'dasda',n'a',n'v',n'10/01/2020',n'10/01/2020',n'10/01/2020',n'dwad')] --> 
21.07.2020 04:20:13 <!-- sql=[insert into quanhegiadinh (id,Bo,Me,Vo,Chong,ConCai) values (n'123',n'aca',n'a',n'az',n'xa',n'xax')] --> 
21.07.2020 04:20:13 <!-- sql=[insert into quanhebenvo (id,Bo,Me,Anh,Chi,Em) values (n'123',n'adaw',n'dwadaw',n'dwadaw',n'dawda',n'aa')] --> 
21.07.2020 04:20:13 <!-- sql=[insert into chuyenmonnghiepvu (id,TenTruong,NganhHoc,ThoiGianHoc,HinhThucHoc,TrinhDo) values (n'123',n'a',n'v',n'12/2/2020',n'a',n'a')] --> 
21.07.2020 04:20:13 <!-- sql=[insert into quatrinhcongtac (id,ThoiGian,ChucDanhChucVuDonViCongTac) values (n'123',n'20/2/2020',n'a')] --> 
21.07.2020 04:21:04 <!-- sql=[insert into form2c (id,HoTen,CacTenGoiKhac,CMND,GioiTinh,NgaySinh,QuocTich,NoiSinh,QueQuan,NoiTamTru,NoiThuongTru,DanToc,TonGiao,NgheNghiepKhiDuocTuyenDung,NgayTuyenDung,CoQuanTuyenDung,ChucVuHienTai,CongViecChinhDuocGiao,NgachCongChuc,MaNgach,DanhHieuDuocPhong,SoTruongCongTac,CongViecLamLauNhat,KhenThuong,KyLuat,TinhTrangSucKhoe,Cao,CanNang,NhomMau,ThuongBinh,GiaDinhLietSi,Ngayvaodang,Ngaynhapngu,Ngayxuatngu,Quanham) values (n'123',n'a',n'ac',n'1111',n'nam',n'12/12/1999',n'ca',n'casc',n'cac',n'cac',n'cac',n'awaf',n'awdwa',n'fawf',n'10/01/2020',n'fawfaw',n'adawdwa',n'awdw',n'awda',n'1111',n'awdw',n'awdwad',n'awdwdwa',n'xc',n'dawd',n'tot',n'18',n'12',n'dasda',n'a',n'v',n'10/01/2020',n'10/01/2020',n'10/01/2020',n'dwad')] --> 
21.07.2020 04:21:04 <!-- sql=[insert into quanhegiadinh (id,Bo,Me,Vo,Chong,ConCai) values (n'123',n'aca',n'a',n'az',n'xa',n'xax')] --> 
21.07.2020 04:21:04 <!-- sql=[insert into quanhebenvo (id,Bo,Me,Anh,Chi,Em) values (n'123',n'adaw',n'dwadaw',n'dwadaw',n'dawda',n'aa')] --> 
21.07.2020 04:21:04 <!-- sql=[insert into chuyenmonnghiepvu (id,TenTruong,NganhHoc,ThoiGianHoc,HinhThucHoc,TrinhDo) values (n'123',n'a',n'v',n'12/2/2020',n'a',n'a')] --> 
21.07.2020 04:21:04 <!-- sql=[insert into quatrinhcongtac (id,ThoiGian,ChucDanhChucVuDonViCongTac) values (n'123',n'20/2/2020',n'a')] --> 
21.07.2020 04:21:18 <!-- sql=[insert into form2c (id,HoTen,CacTenGoiKhac,CMND,GioiTinh,NgaySinh,QuocTich,NoiSinh,QueQuan,NoiTamTru,NoiThuongTru,DanToc,TonGiao,NgheNghiepKhiDuocTuyenDung,NgayTuyenDung,CoQuanTuyenDung,ChucVuHienTai,CongViecChinhDuocGiao,NgachCongChuc,MaNgach,DanhHieuDuocPhong,SoTruongCongTac,CongViecLamLauNhat,KhenThuong,KyLuat,TinhTrangSucKhoe,Cao,CanNang,NhomMau,ThuongBinh,GiaDinhLietSi,Ngayvaodang,Ngaynhapngu,Ngayxuatngu,Quanham) values (n'123',n'a',n'ac',n'1111',n'nam',n'12/12/1999',n'ca',n'casc',n'cac',n'cac',n'cac',n'awaf',n'awdwa',n'fawf',n'10/01/2020',n'fawfaw',n'adawdwa',n'awdw',n'awda',n'1111',n'awdw',n'awdwad',n'awdwdwa',n'xc',n'dawd',n'tot',n'18',n'12',n'dasda',n'a',n'v',n'10/01/2020',n'10/01/2020',n'10/01/2020',n'dwad')] --> 
21.07.2020 04:21:18 <!-- sql=[insert into quanhegiadinh (id,Bo,Me,Vo,Chong,ConCai) values (n'123',n'aca',n'a',n'az',n'xa',n'xax')] --> 
21.07.2020 04:21:18 <!-- sql=[insert into quanhebenvo (id,Bo,Me,Anh,Chi,Em) values (n'123',n'adaw',n'dwadaw',n'dwadaw',n'dawda',n'aa')] --> 
21.07.2020 04:21:18 <!-- sql=[insert into chuyenmonnghiepvu (id,TenTruong,NganhHoc,ThoiGianHoc,HinhThucHoc,TrinhDo) values (n'123',n'a',n'v',n'12/2/2020',n'a',n'a')] --> 
21.07.2020 04:21:18 <!-- sql=[insert into quatrinhcongtac (id,ThoiGian,ChucDanhChucVuDonViCongTac) values (n'123',n'20/2/2020',n'a')] --> 
21.07.2020 04:26:02 <!-- sql=[insert into form2c (id,HoTen,CacTenGoiKhac,CMND,GioiTinh,NgaySinh,QuocTich,NoiSinh,QueQuan,NoiTamTru,NoiThuongTru,DanToc,TonGiao,NgheNghiepKhiDuocTuyenDung,NgayTuyenDung,CoQuanTuyenDung,ChucVuHienTai,CongViecChinhDuocGiao,NgachCongChuc,MaNgach,DanhHieuDuocPhong,SoTruongCongTac,CongViecLamLauNhat,KhenThuong,KyLuat,TinhTrangSucKhoe,Cao,CanNang,NhomMau,ThuongBinh,GiaDinhLietSi,Ngayvaodang,Ngaynhapngu,Ngayxuatngu,Quanham) values (n'123',n'a',n'ac',n'1111',n'nam',n'12/12/1999',n'ca',n'casc',n'cac',n'cac',n'cac',n'awaf',n'awdwa',n'fawf',n'10/01/2020',n'fawfaw',n'adawdwa',n'awdw',n'awda',n'1111',n'awdw',n'awdwad',n'awdwdwa',n'xc',n'dawd',n'tot',n'18',n'12',n'dasda',n'a',n'v',n'10/01/2020',n'10/01/2020',n'10/01/2020',n'dwad')] --> 
21.07.2020 04:26:02 <!-- sql=[insert into quanhegiadinh (id,Bo,Me,Vo,Chong,ConCai) values (n'123',n'aca',n'a',n'az',n'xa',n'xax')] --> 
21.07.2020 04:26:02 <!-- sql=[insert into quanhebenvo (id,Bo,Me,Anh,Chi,Em) values (n'123',n'adaw',n'dwadaw',n'dwadaw',n'dawda',n'aa')] --> 
21.07.2020 04:26:02 <!-- sql=[insert into chuyenmonnghiepvu (id,TenTruong,NganhHoc,ThoiGianHoc,HinhThucHoc,TrinhDo) values (n'123',n'a',n'v',n'12/2/2020',n'a',n'a')] --> 
21.07.2020 04:26:02 <!-- sql=[insert into quatrinhcongtac (id,ThoiGian,ChucDanhChucVuDonViCongTac) values (n'123',n'20/2/2020',n'a')] --> 
21.07.2020 04:26:10 <!-- sql=[insert into form2c (id,HoTen,CacTenGoiKhac,CMND,GioiTinh,NgaySinh,QuocTich,NoiSinh,QueQuan,NoiTamTru,NoiThuongTru,DanToc,TonGiao,NgheNghiepKhiDuocTuyenDung,NgayTuyenDung,CoQuanTuyenDung,ChucVuHienTai,CongViecChinhDuocGiao,NgachCongChuc,MaNgach,DanhHieuDuocPhong,SoTruongCongTac,CongViecLamLauNhat,KhenThuong,KyLuat,TinhTrangSucKhoe,Cao,CanNang,NhomMau,ThuongBinh,GiaDinhLietSi,Ngayvaodang,Ngaynhapngu,Ngayxuatngu,Quanham) values (n'123',n'a',n'ac',n'1111',n'nam',n'12/12/1999',n'ca',n'casc',n'cac',n'cac',n'cac',n'awaf',n'awdwa',n'fawf',n'10/01/2020',n'fawfaw',n'adawdwa',n'awdw',n'awda',n'1111',n'awdw',n'awdwad',n'awdwdwa',n'xc',n'dawd',n'tot',n'18',n'12',n'dasda',n'a',n'v',n'10/01/2020',n'10/01/2020',n'10/01/2020',n'dwad')] --> 
21.07.2020 04:26:10 <!-- sql=[insert into quanhegiadinh (id,Bo,Me,Vo,Chong,ConCai) values (n'123',n'aca',n'a',n'az',n'xa',n'xax')] --> 
21.07.2020 04:26:10 <!-- sql=[insert into quanhebenvo (id,Bo,Me,Anh,Chi,Em) values (n'123',n'adaw',n'dwadaw',n'dwadaw',n'dawda',n'aa')] --> 
21.07.2020 04:26:10 <!-- sql=[insert into chuyenmonnghiepvu (id,TenTruong,NganhHoc,ThoiGianHoc,HinhThucHoc,TrinhDo) values (n'123',n'a',n'v',n'12/2/2020',n'a',n'a')] --> 
21.07.2020 04:26:10 <!-- sql=[insert into quatrinhcongtac (id,ThoiGian,ChucDanhChucVuDonViCongTac) values (n'123',n'20/2/2020',n'a')] --> 
21.07.2020 04:32:56 <!-- sql=[insert into form2c (id,HoTen,CacTenGoiKhac,CMND,GioiTinh,NgaySinh,QuocTich,NoiSinh,QueQuan,NoiTamTru,NoiThuongTru,DanToc,TonGiao,NgheNghiepKhiDuocTuyenDung,NgayTuyenDung,CoQuanTuyenDung,ChucVuHienTai,CongViecChinhDuocGiao,NgachCongChuc,MaNgach,DanhHieuDuocPhong,SoTruongCongTac,CongViecLamLauNhat,KhenThuong,KyLuat,TinhTrangSucKhoe,Cao,CanNang,NhomMau,ThuongBinh,GiaDinhLietSi,Ngayvaodang,Ngaynhapngu,Ngayxuatngu,Quanham) values (n'123',n'a',n'ac',n'1111',n'nam',n'12/12/1999',n'ca',n'casc',n'cac',n'cac',n'cac',n'awaf',n'awdwa',n'fawf',n'10/01/2020',n'fawfaw',n'adawdwa',n'awdw',n'awda',n'1111',n'awdw',n'awdwad',n'awdwdwa',n'xc',n'dawd',n'tot',n'18',n'12',n'dasda',n'a',n'v',n'10/01/2020',n'10/01/2020',n'10/01/2020',n'dwad')] --> 
21.07.2020 04:32:56 <!-- sql=[insert into quanhegiadinh (id,Bo,Me,Vo,Chong,ConCai) values (n'123',n'aca',n'a',n'az',n'xa',n'xax')] --> 
21.07.2020 04:32:56 <!-- sql=[insert into quanhebenvo (id,Bo,Me,Anh,Chi,Em) values (n'123',n'adaw',n'dwadaw',n'dwadaw',n'dawda',n'aa')] --> 
21.07.2020 04:32:56 <!-- sql=[insert into chuyenmonnghiepvu (id,TenTruong,NganhHoc,ThoiGianHoc,HinhThucHoc,TrinhDo) values (n'123',n'a',n'v',n'12/2/2020',n'a',n'a')] --> 
21.07.2020 04:32:56 <!-- sql=[insert into quatrinhcongtac (id,ThoiGian,ChucDanhChucVuDonViCongTac) values (n'123',n'20/2/2020',n'a')] --> 
21.07.2020 04:35:12 <!-- sql=[insert into form2c (id,HoTen,CacTenGoiKhac,CMND,GioiTinh,NgaySinh,QuocTich,NoiSinh,QueQuan,NoiTamTru,NoiThuongTru,DanToc,TonGiao,NgheNghiepKhiDuocTuyenDung,NgayTuyenDung,CoQuanTuyenDung,ChucVuHienTai,CongViecChinhDuocGiao,NgachCongChuc,MaNgach,DanhHieuDuocPhong,SoTruongCongTac,CongViecLamLauNhat,KhenThuong,KyLuat,TinhTrangSucKhoe,Cao,CanNang,NhomMau,ThuongBinh,GiaDinhLietSi,Ngayvaodang,Ngaynhapngu,Ngayxuatngu,Quanham) values (n'123',n'a',n'ac',n'1111',n'nam',n'12/12/1999',n'ca',n'casc',n'cac',n'cac',n'cac',n'awaf',n'awdwa',n'fawf',n'10/01/2020',n'fawfaw',n'adawdwa',n'awdw',n'awda',n'1111',n'awdw',n'awdwad',n'awdwdwa',n'xc',n'dawd',n'tot',n'18',n'12',n'dasda',n'a',n'v',n'10/01/2020',n'10/01/2020',n'10/01/2020',n'dwad')] --> 
21.07.2020 04:35:12 <!-- sql=[insert into quanhegiadinh (id,Bo,Me,Vo,Chong,ConCai) values (n'123',n'aca',n'a',n'az',n'xa',n'xax')] --> 
21.07.2020 04:35:12 <!-- sql=[insert into quanhebenvo (id,Bo,Me,Anh,Chi,Em) values (n'123',n'adaw',n'dwadaw',n'dwadaw',n'dawda',n'aa')] --> 
21.07.2020 04:35:12 <!-- sql=[insert into chuyenmonnghiepvu (id,TenTruong,NganhHoc,ThoiGianHoc,HinhThucHoc,TrinhDo) values (n'123',n'a',n'v',n'12/2/2020',n'a',n'a')] --> 
21.07.2020 04:35:12 <!-- sql=[insert into quatrinhcongtac (id,ThoiGian,ChucDanhChucVuDonViCongTac) values (n'123',n'20/2/2020',n'a')] --> 
21.07.2020 04:36:55 <!-- sql=[insert into form2c (id,HoTen,CacTenGoiKhac,CMND,GioiTinh,NgaySinh,QuocTich,NoiSinh,QueQuan,NoiTamTru,NoiThuongTru,DanToc,TonGiao,NgheNghiepKhiDuocTuyenDung,NgayTuyenDung,CoQuanTuyenDung,ChucVuHienTai,CongViecChinhDuocGiao,NgachCongChuc,MaNgach,DanhHieuDuocPhong,SoTruongCongTac,CongViecLamLauNhat,KhenThuong,KyLuat,TinhTrangSucKhoe,Cao,CanNang,NhomMau,ThuongBinh,GiaDinhLietSi,Ngayvaodang,Ngaynhapngu,Ngayxuatngu,Quanham) values (n'123',n'a',n'ac',n'1111',n'nam',n'12/12/1999',n'ca',n'casc',n'cac',n'cac',n'cac',n'awaf',n'awdwa',n'fawf',n'10/01/2020',n'fawfaw',n'adawdwa',n'awdw',n'awda',n'1111',n'awdw',n'awdwad',n'awdwdwa',n'xc',n'dawd',n'tot',n'18',n'12',n'dasda',n'a',n'v',n'10/01/2020',n'10/01/2020',n'10/01/2020',n'dwad')] --> 
21.07.2020 04:36:55 <!-- sql=[insert into quanhegiadinh (id,Bo,Me,Vo,Chong,ConCai) values (n'123',n'aca',n'a',n'az',n'xa',n'xax')] --> 
21.07.2020 04:36:55 <!-- sql=[insert into quanhebenvo (id,Bo,Me,Anh,Chi,Em) values (n'123',n'adaw',n'dwadaw',n'dwadaw',n'dawda',n'aa')] --> 
21.07.2020 04:36:55 <!-- sql=[insert into chuyenmonnghiepvu (id,TenTruong,NganhHoc,ThoiGianHoc,HinhThucHoc,TrinhDo) values (n'123',n'a',n'v',n'12/2/2020',n'a',n'a')] --> 
21.07.2020 04:36:55 <!-- sql=[insert into quatrinhcongtac (id,ThoiGian,ChucDanhChucVuDonViCongTac) values (n'123',n'20/2/2020',n'a')] --> 
21.07.2020 06:04:45 <!-- sql=[insert into form2c (id,HoTen,CacTenGoiKhac,CMND,GioiTinh,NgaySinh,QuocTich,NoiSinh,QueQuan,NoiTamTru,NoiThuongTru,DanToc,TonGiao,NgheNghiepKhiDuocTuyenDung,NgayTuyenDung,CoQuanTuyenDung,ChucVuHienTai,CongViecChinhDuocGiao,NgachCongChuc,MaNgach,DanhHieuDuocPhong,SoTruongCongTac,CongViecLamLauNhat,KhenThuong,KyLuat,TinhTrangSucKhoe,Cao,CanNang,NhomMau,ThuongBinh,GiaDinhLietSi,Ngayvaodang,Ngaynhapngu,Ngayxuatngu,Quanham) values (n'',n'',n'',n'',n'',n'',n'',n'',n'',n'',n'',n'',n'',n'',n'',n'',n'',n'',n'',n'',n'',n'',n'',n'',n'',n'',n'',n'',n'',n'',n'',n'',n'',n'',n'')] --> 
21.07.2020 06:04:46 <!-- sql=[insert into quanhegiadinh (id,Bo,Me,Vo,Chong,ConCai) values (n'',n'',n'',n'',n'',n'')] --> 
21.07.2020 06:04:46 <!-- sql=[insert into quanhebenvo (id,Bo,Me,Anh,Chi,Em) values (n'',n'',n'',n'',n'',n'')] --> 
21.07.2020 06:04:46 <!-- sql=[insert into chuyenmonnghiepvu (id,TenTruong,NganhHoc,ThoiGianHoc,HinhThucHoc,TrinhDo) values (n'',n'',n'',n'',n'',n'')] --> 
21.07.2020 06:04:46 <!-- sql=[insert into quatrinhcongtac (id,ThoiGian,ChucDanhChucVuDonViCongTac) values (n'',n'',n'')] --> 
21.07.2020 06:06:19 <!-- sql=[insert into form2c (id,HoTen,CacTenGoiKhac,CMND,GioiTinh,NgaySinh,QuocTich,NoiSinh,QueQuan,NoiTamTru,NoiThuongTru,DanToc,TonGiao,NgheNghiepKhiDuocTuyenDung,NgayTuyenDung,CoQuanTuyenDung,ChucVuHienTai,CongViecChinhDuocGiao,NgachCongChuc,MaNgach,DanhHieuDuocPhong,SoTruongCongTac,CongViecLamLauNhat,KhenThuong,KyLuat,TinhTrangSucKhoe,Cao,CanNang,NhomMau,ThuongBinh,GiaDinhLietSi,Ngayvaodang,Ngaynhapngu,Ngayxuatngu,Quanham) values (n'',n'',n'',n'',n'',n'',n'',n'',n'',n'',n'',n'',n'',n'',n'',n'',n'',n'',n'',n'',n'',n'',n'',n'',n'',n'',n'',n'',n'',n'',n'',n'',n'',n'',n'')] --> 
21.07.2020 06:06:19 <!-- sql=[insert into quanhegiadinh (id,Bo,Me,Vo,Chong,ConCai) values (n'',n'',n'',n'',n'',n'')] --> 
21.07.2020 06:06:19 <!-- sql=[insert into quanhebenvo (id,Bo,Me,Anh,Chi,Em) values (n'',n'',n'',n'',n'',n'')] --> 
21.07.2020 06:06:19 <!-- sql=[insert into chuyenmonnghiepvu (id,TenTruong,NganhHoc,ThoiGianHoc,HinhThucHoc,TrinhDo) values (n'',n'',n'',n'',n'',n'')] --> 
21.07.2020 06:06:19 <!-- sql=[insert into quatrinhcongtac (id,ThoiGian,ChucDanhChucVuDonViCongTac) values (n'',n'',n'')] --> 
21.07.2020 06:06:44 <!-- sql=[insert into form2c (id,HoTen,CacTenGoiKhac,CMND,GioiTinh,NgaySinh,QuocTich,NoiSinh,QueQuan,NoiTamTru,NoiThuongTru,DanToc,TonGiao,NgheNghiepKhiDuocTuyenDung,NgayTuyenDung,CoQuanTuyenDung,ChucVuHienTai,CongViecChinhDuocGiao,NgachCongChuc,MaNgach,DanhHieuDuocPhong,SoTruongCongTac,CongViecLamLauNhat,KhenThuong,KyLuat,TinhTrangSucKhoe,Cao,CanNang,NhomMau,ThuongBinh,GiaDinhLietSi,Ngayvaodang,Ngaynhapngu,Ngayxuatngu,Quanham) values (n'',n'',n'',n'',n'',n'',n'',n'',n'',n'',n'',n'',n'',n'',n'',n'',n'',n'',n'',n'',n'',n'',n'',n'',n'',n'',n'',n'',n'',n'',n'',n'',n'',n'',n'')] --> 
21.07.2020 06:06:44 <!-- sql=[insert into quanhegiadinh (id,Bo,Me,Vo,Chong,ConCai) values (n'',n'',n'',n'',n'',n'')] --> 
21.07.2020 06:06:44 <!-- sql=[insert into quanhebenvo (id,Bo,Me,Anh,Chi,Em) values (n'',n'',n'',n'',n'',n'')] --> 
21.07.2020 06:06:44 <!-- sql=[insert into chuyenmonnghiepvu (id,TenTruong,NganhHoc,ThoiGianHoc,HinhThucHoc,TrinhDo) values (n'',n'',n'',n'',n'',n'')] --> 
21.07.2020 06:06:44 <!-- sql=[insert into quatrinhcongtac (id,ThoiGian,ChucDanhChucVuDonViCongTac) values (n'',n'',n'')] --> 
21.07.2020 06:07:53 <!-- sql=[insert into form2c (id,HoTen,CacTenGoiKhac,CMND,GioiTinh,NgaySinh,QuocTich,NoiSinh,QueQuan,NoiTamTru,NoiThuongTru,DanToc,TonGiao,NgheNghiepKhiDuocTuyenDung,NgayTuyenDung,CoQuanTuyenDung,ChucVuHienTai,CongViecChinhDuocGiao,NgachCongChuc,MaNgach,DanhHieuDuocPhong,SoTruongCongTac,CongViecLamLauNhat,KhenThuong,KyLuat,TinhTrangSucKhoe,Cao,CanNang,NhomMau,ThuongBinh,GiaDinhLietSi,Ngayvaodang,Ngaynhapngu,Ngayxuatngu,Quanham) values (n'',n'',n'',n'',n'',n'',n'',n'',n'',n'',n'',n'',n'',n'',n'',n'',n'',n'',n'',n'',n'',n'',n'',n'',n'',n'',n'',n'',n'',n'',n'',n'',n'',n'',n'')] --> 
21.07.2020 06:07:53 <!-- sql=[insert into quanhegiadinh (id,Bo,Me,Vo,Chong,ConCai) values (n'',n'',n'',n'',n'',n'')] --> 
21.07.2020 06:07:53 <!-- sql=[insert into quanhebenvo (id,Bo,Me,Anh,Chi,Em) values (n'',n'',n'',n'',n'',n'')] --> 
21.07.2020 06:07:53 <!-- sql=[insert into chuyenmonnghiepvu (id,TenTruong,NganhHoc,ThoiGianHoc,HinhThucHoc,TrinhDo) values (n'',n'',n'',n'',n'',n'')] --> 
21.07.2020 06:07:53 <!-- sql=[insert into quatrinhcongtac (id,ThoiGian,ChucDanhChucVuDonViCongTac) values (n'',n'',n'')] --> 
21.07.2020 06:08:09 <!-- sql=[insert into form2c (id,HoTen,CacTenGoiKhac,CMND,GioiTinh,NgaySinh,QuocTich,NoiSinh,QueQuan,NoiTamTru,NoiThuongTru,DanToc,TonGiao,NgheNghiepKhiDuocTuyenDung,NgayTuyenDung,CoQuanTuyenDung,ChucVuHienTai,CongViecChinhDuocGiao,NgachCongChuc,MaNgach,DanhHieuDuocPhong,SoTruongCongTac,CongViecLamLauNhat,KhenThuong,KyLuat,TinhTrangSucKhoe,Cao,CanNang,NhomMau,ThuongBinh,GiaDinhLietSi,Ngayvaodang,Ngaynhapngu,Ngayxuatngu,Quanham) values (n'',n'',n'',n'',n'',n'',n'',n'',n'',n'',n'',n'',n'',n'',n'',n'',n'',n'',n'',n'',n'',n'',n'',n'',n'',n'',n'',n'',n'',n'',n'',n'',n'',n'',n'')] --> 
21.07.2020 06:08:09 <!-- sql=[insert into quanhegiadinh (id,Bo,Me,Vo,Chong,ConCai) values (n'',n'',n'',n'',n'',n'')] --> 
21.07.2020 06:08:09 <!-- sql=[insert into quanhebenvo (id,Bo,Me,Anh,Chi,Em) values (n'',n'',n'',n'',n'',n'')] --> 
21.07.2020 06:08:09 <!-- sql=[insert into chuyenmonnghiepvu (id,TenTruong,NganhHoc,ThoiGianHoc,HinhThucHoc,TrinhDo) values (n'',n'',n'',n'',n'',n'')] --> 
21.07.2020 06:08:09 <!-- sql=[insert into quatrinhcongtac (id,ThoiGian,ChucDanhChucVuDonViCongTac) values (n'',n'',n'')] --> 
21.07.2020 06:30:02 <!-- sql=[insert into form2c (id,HoTen,CacTenGoiKhac,CMND,GioiTinh,NgaySinh,QuocTich,NoiSinh,QueQuan,NoiTamTru,NoiThuongTru,DanToc,TonGiao,NgheNghiepKhiDuocTuyenDung,NgayTuyenDung,CoQuanTuyenDung,ChucVuHienTai,CongViecChinhDuocGiao,NgachCongChuc,MaNgach,DanhHieuDuocPhong,SoTruongCongTac,CongViecLamLauNhat,KhenThuong,KyLuat,TinhTrangSucKhoe,Cao,CanNang,NhomMau,ThuongBinh,GiaDinhLietSi,Ngayvaodang,Ngaynhapngu,Ngayxuatngu,Quanham) values (n'',n'',n'',n'',n'',n'',n'',n'',n'',n'',n'',n'',n'',n'',n'',n'',n'',n'',n'',n'',n'',n'',n'',n'',n'',n'',n'',n'',n'',n'',n'',n'',n'',n'',n'')] --> 
21.07.2020 06:30:02 <!-- sql=[insert into quanhegiadinh (id,Bo,Me,Vo,Chong,ConCai) values (n'',n'',n'',n'',n'',n'')] --> 
21.07.2020 06:30:02 <!-- sql=[insert into quanhebenvo (id,Bo,Me,Anh,Chi,Em) values (n'',n'',n'',n'',n'',n'')] --> 
21.07.2020 06:30:02 <!-- sql=[insert into chuyenmonnghiepvu (id,TenTruong,NganhHoc,ThoiGianHoc,HinhThucHoc,TrinhDo) values (n'',n'',n'',n'',n'',n'')] --> 
21.07.2020 06:30:02 <!-- sql=[insert into quatrinhcongtac (id,ThoiGian,ChucDanhChucVuDonViCongTac) values (n'',n'',n'')] --> 
21.07.2020 06:30:16 <!-- sql=[update form2c set id=n'',HoTen=n'',CacTenGoiKhac=n'',CMND=n'',GioiTinh=n'',NgaySinh=n'',QuocTich=n'',NoiSinh=n'',QueQuan=n'',NoiTamTru=n'',NoiThuongTru=n'',DanToc=n'',TonGiao=n'',NgheNghiepKhiDuocTuyenDung=n'',NgayTuyenDung=n'',CoQuanTuyenDung=n'',ChucVuHienTai=n'',CongViecChinhDuocGiao=n'',NgachCongChuc=n'',MaNgach=n'',DanhHieuDuocPhong=n'',SoTruongCongTac=n'',CongViecLamLauNhat=n'',KhenThuong=n'',KyLuat=n'',TinhTrangSucKhoe=n'',Cao=n'',CanNang=n'',NhomMau=n'',ThuongBinh=n'',GiaDinhLietSi=n'',Ngayvaodang=n'',Ngaynhapngu=n'',Ngayxuatngu=n'',Quanham=n''  where id=] --> 
21.07.2020 06:30:16 <!-- sql=[update quanhegiadinh set id=n'',Bo=n'',Me=n'',Vo=n'',Chong=n'',ConCai=n''  where id=] --> 
21.07.2020 06:30:16 <!-- sql=[update quanhebenvo set id=n'',Bo=n'',Me=n'',Anh=n'',Chi=n'',Em=n''  where id=] --> 
21.07.2020 06:30:16 <!-- sql=[update chuyenmonnghiepvu set id=n'',TenTruong=n'',NganhHoc=n'',ThoiGianHoc=n'',HinhThucHoc=n'',TrinhDo=n''  where id=] --> 
21.07.2020 06:30:16 <!-- sql=[update quatrinhcongtac set id=n'',ThoiGian=n'',ChucDanhChucVuDonViCongTac=n''  where id=] --> 
21.07.2020 06:31:05 <!-- sql=[update form2c set id=n'',HoTen=n'',CacTenGoiKhac=n'',CMND=n'',GioiTinh=n'',NgaySinh=n'',QuocTich=n'',NoiSinh=n'',QueQuan=n'',NoiTamTru=n'',NoiThuongTru=n'',DanToc=n'',TonGiao=n'',NgheNghiepKhiDuocTuyenDung=n'',NgayTuyenDung=n'',CoQuanTuyenDung=n'',ChucVuHienTai=n'',CongViecChinhDuocGiao=n'',NgachCongChuc=n'',MaNgach=n'',DanhHieuDuocPhong=n'',SoTruongCongTac=n'',CongViecLamLauNhat=n'',KhenThuong=n'',KyLuat=n'',TinhTrangSucKhoe=n'',Cao=n'',CanNang=n'',NhomMau=n'',ThuongBinh=n'',GiaDinhLietSi=n'',Ngayvaodang=n'',Ngaynhapngu=n'',Ngayxuatngu=n'',Quanham=n''  where id=] --> 
21.07.2020 06:31:05 <!-- sql=[update quanhegiadinh set id=n'',Bo=n'',Me=n'',Vo=n'',Chong=n'',ConCai=n''  where id=] --> 
21.07.2020 06:31:05 <!-- sql=[update quanhebenvo set id=n'',Bo=n'',Me=n'',Anh=n'',Chi=n'',Em=n''  where id=] --> 
21.07.2020 06:31:05 <!-- sql=[update chuyenmonnghiepvu set id=n'',TenTruong=n'',NganhHoc=n'',ThoiGianHoc=n'',HinhThucHoc=n'',TrinhDo=n''  where id=] --> 
21.07.2020 06:31:05 <!-- sql=[update quatrinhcongtac set id=n'',ThoiGian=n'',ChucDanhChucVuDonViCongTac=n''  where id=] --> 
21.07.2020 06:31:14 <!-- sql=[update form2c set id=n'',HoTen=n'',CacTenGoiKhac=n'',CMND=n'',GioiTinh=n'',NgaySinh=n'',QuocTich=n'',NoiSinh=n'',QueQuan=n'',NoiTamTru=n'',NoiThuongTru=n'',DanToc=n'',TonGiao=n'',NgheNghiepKhiDuocTuyenDung=n'',NgayTuyenDung=n'',CoQuanTuyenDung=n'',ChucVuHienTai=n'',CongViecChinhDuocGiao=n'',NgachCongChuc=n'',MaNgach=n'',DanhHieuDuocPhong=n'',SoTruongCongTac=n'',CongViecLamLauNhat=n'',KhenThuong=n'',KyLuat=n'',TinhTrangSucKhoe=n'',Cao=n'',CanNang=n'',NhomMau=n'',ThuongBinh=n'',GiaDinhLietSi=n'',Ngayvaodang=n'',Ngaynhapngu=n'',Ngayxuatngu=n'',Quanham=n''  where id=] --> 
21.07.2020 06:31:14 <!-- sql=[update quanhegiadinh set id=n'',Bo=n'',Me=n'',Vo=n'',Chong=n'',ConCai=n''  where id=] --> 
21.07.2020 06:31:14 <!-- sql=[update quanhebenvo set id=n'',Bo=n'',Me=n'',Anh=n'',Chi=n'',Em=n''  where id=] --> 
21.07.2020 06:31:14 <!-- sql=[update chuyenmonnghiepvu set id=n'',TenTruong=n'',NganhHoc=n'',ThoiGianHoc=n'',HinhThucHoc=n'',TrinhDo=n''  where id=] --> 
21.07.2020 06:31:14 <!-- sql=[update quatrinhcongtac set id=n'',ThoiGian=n'',ChucDanhChucVuDonViCongTac=n''  where id=] --> 
21.07.2020 06:31:26 <!-- sql=[update form2c set id=n'',HoTen=n'',CacTenGoiKhac=n'',CMND=n'',GioiTinh=n'',NgaySinh=n'',QuocTich=n'',NoiSinh=n'',QueQuan=n'',NoiTamTru=n'',NoiThuongTru=n'',DanToc=n'',TonGiao=n'',NgheNghiepKhiDuocTuyenDung=n'',NgayTuyenDung=n'',CoQuanTuyenDung=n'',ChucVuHienTai=n'',CongViecChinhDuocGiao=n'',NgachCongChuc=n'',MaNgach=n'',DanhHieuDuocPhong=n'',SoTruongCongTac=n'',CongViecLamLauNhat=n'',KhenThuong=n'',KyLuat=n'',TinhTrangSucKhoe=n'',Cao=n'',CanNang=n'',NhomMau=n'',ThuongBinh=n'',GiaDinhLietSi=n'',Ngayvaodang=n'',Ngaynhapngu=n'',Ngayxuatngu=n'',Quanham=n''  where id=] --> 
21.07.2020 06:31:26 <!-- sql=[update quanhegiadinh set id=n'',Bo=n'',Me=n'',Vo=n'',Chong=n'',ConCai=n''  where id=] --> 
21.07.2020 06:31:26 <!-- sql=[update quanhebenvo set id=n'',Bo=n'',Me=n'',Anh=n'',Chi=n'',Em=n''  where id=] --> 
21.07.2020 06:31:26 <!-- sql=[update chuyenmonnghiepvu set id=n'',TenTruong=n'',NganhHoc=n'',ThoiGianHoc=n'',HinhThucHoc=n'',TrinhDo=n''  where id=] --> 
21.07.2020 06:31:26 <!-- sql=[update quatrinhcongtac set id=n'',ThoiGian=n'',ChucDanhChucVuDonViCongTac=n''  where id=] --> 
21.07.2020 06:31:45 <!-- sql=[insert into form2c (id,HoTen,CacTenGoiKhac,CMND,GioiTinh,NgaySinh,QuocTich,NoiSinh,QueQuan,NoiTamTru,NoiThuongTru,DanToc,TonGiao,NgheNghiepKhiDuocTuyenDung,NgayTuyenDung,CoQuanTuyenDung,ChucVuHienTai,CongViecChinhDuocGiao,NgachCongChuc,MaNgach,DanhHieuDuocPhong,SoTruongCongTac,CongViecLamLauNhat,KhenThuong,KyLuat,TinhTrangSucKhoe,Cao,CanNang,NhomMau,ThuongBinh,GiaDinhLietSi,Ngayvaodang,Ngaynhapngu,Ngayxuatngu,Quanham) values (n'123',n'a',n'ac',n'1111',n'nam',n'12/12/1999',n'ca',n'casc',n'cac',n'cac',n'cac',n'awaf',n'awdwa',n'fawf',n'10/01/2020',n'fawfaw',n'adawdwa',n'awdw',n'awda',n'1111',n'awdw',n'awdwad',n'awdwdwa',n'xc',n'dawd',n'tot',n'18',n'12',n'dasda',n'a',n'v',n'10/01/2020',n'10/01/2020',n'10/01/2020',n'dwad')] --> 
21.07.2020 06:31:45 <!-- sql=[insert into quanhegiadinh (id,Bo,Me,Vo,Chong,ConCai) values (n'123',n'aca',n'a',n'az',n'xa',n'xax')] --> 
21.07.2020 06:31:45 <!-- sql=[insert into quanhebenvo (id,Bo,Me,Anh,Chi,Em) values (n'123',n'adaw',n'dwadaw',n'dwadaw',n'dawda',n'aa')] --> 
21.07.2020 06:31:45 <!-- sql=[insert into chuyenmonnghiepvu (id,TenTruong,NganhHoc,ThoiGianHoc,HinhThucHoc,TrinhDo) values (n'123',n'a',n'v',n'12/2/2020',n'a',n'a')] --> 
21.07.2020 06:31:46 <!-- sql=[insert into quatrinhcongtac (id,ThoiGian,ChucDanhChucVuDonViCongTac) values (n'123',n'20/2/2020',n'a')] --> 
21.07.2020 06:32:09 <!-- sql=[update form2c set id=n'123',HoTen=n'accccc',CacTenGoiKhac=n'ac',CMND=n'111123432',GioiTinh=n'nam',NgaySinh=n'12/12/1999',QuocTich=n'ca',NoiSinh=n'casc',QueQuan=n'cac',NoiTamTru=n'cac',NoiThuongTru=n'cac',DanToc=n'awaf',TonGiao=n'awdwa',NgheNghiepKhiDuocTuyenDung=n'fawf',NgayTuyenDung=n'10/01/2020',CoQuanTuyenDung=n'fawfaw',ChucVuHienTai=n'adawdwa',CongViecChinhDuocGiao=n'awdw',NgachCongChuc=n'awda',MaNgach=n'1111',DanhHieuDuocPhong=n'awdw',SoTruongCongTac=n'awdwad',CongViecLamLauNhat=n'awdwdwa',KhenThuong=n'xc',KyLuat=n'dawd',TinhTrangSucKhoe=n'tot',Cao=n'18',CanNang=n'12',NhomMau=n'dasda',ThuongBinh=n'a',GiaDinhLietSi=n'v',Ngayvaodang=n'10/01/2020',Ngaynhapngu=n'10/01/2020',Ngayxuatngu=n'10/01/2020',Quanham=n'dwad'  where id=123] --> 
21.07.2020 06:32:10 <!-- sql=[update quanhegiadinh set id=n'123',Bo=n'aca',Me=n'a',Vo=n'az',Chong=n'xa',ConCai=n'xax'  where id=123] --> 
21.07.2020 06:32:10 <!-- sql=[update quanhebenvo set id=n'123',Bo=n'adaw',Me=n'dwadaw',Anh=n'dwadaw',Chi=n'dawda',Em=n'aa'  where id=123] --> 
21.07.2020 06:32:10 <!-- sql=[update chuyenmonnghiepvu set id=n'123',TenTruong=n'',NganhHoc=n'',ThoiGianHoc=n'',HinhThucHoc=n'',TrinhDo=n''  where id=123] --> 
21.07.2020 06:32:10 <!-- sql=[update quatrinhcongtac set id=n'123',ThoiGian=n'',ChucDanhChucVuDonViCongTac=n''  where id=123] --> 
21.07.2020 06:32:55 <!-- sql=[update form2c set id=n'123',HoTen=n'accccc',CacTenGoiKhac=n'ac',CMND=n'111123432',GioiTinh=n'nam',NgaySinh=n'12/12/1999',QuocTich=n'ca',NoiSinh=n'casc',QueQuan=n'cac',NoiTamTru=n'cac',NoiThuongTru=n'cac',DanToc=n'awaf',TonGiao=n'awdwa',NgheNghiepKhiDuocTuyenDung=n'fawf',NgayTuyenDung=n'10/01/2020',CoQuanTuyenDung=n'fawfaw',ChucVuHienTai=n'adawdwa',CongViecChinhDuocGiao=n'awdw',NgachCongChuc=n'awda',MaNgach=n'1111',DanhHieuDuocPhong=n'awdw',SoTruongCongTac=n'awdwad',CongViecLamLauNhat=n'awdwdwa',KhenThuong=n'xc',KyLuat=n'dawd',TinhTrangSucKhoe=n'tot',Cao=n'18',CanNang=n'12',NhomMau=n'dasda',ThuongBinh=n'a',GiaDinhLietSi=n'v',Ngayvaodang=n'10/01/2020',Ngaynhapngu=n'10/01/2020',Ngayxuatngu=n'10/01/2020',Quanham=n'dwad'  where id=123] --> 
21.07.2020 06:32:55 <!-- sql=[update quanhegiadinh set id=n'123',Bo=n'aca',Me=n'a',Vo=n'az',Chong=n'xa',ConCai=n'xax'  where id=123] --> 
21.07.2020 06:32:55 <!-- sql=[update quanhebenvo set id=n'123',Bo=n'adaw',Me=n'dwadaw',Anh=n'dwadaw',Chi=n'dawda',Em=n'aa'  where id=123] --> 
21.07.2020 06:32:55 <!-- sql=[update chuyenmonnghiepvu set id=n'123',TenTruong=n'a',NganhHoc=n'a',ThoiGianHoc=n'a',HinhThucHoc=n'a',TrinhDo=n'a'  where id=123] --> 
21.07.2020 06:32:55 <!-- sql=[update quatrinhcongtac set id=n'123',ThoiGian=n'a',ChucDanhChucVuDonViCongTac=n'a'  where id=123] --> 
21.07.2020 06:41:15 <!-- sql=[insert into form2c (id,HoTen,CacTenGoiKhac,CMND,GioiTinh,NgaySinh,QuocTich,NoiSinh,QueQuan,NoiTamTru,NoiThuongTru,DanToc,TonGiao,NgheNghiepKhiDuocTuyenDung,NgayTuyenDung,CoQuanTuyenDung,ChucVuHienTai,CongViecChinhDuocGiao,NgachCongChuc,MaNgach,DanhHieuDuocPhong,SoTruongCongTac,CongViecLamLauNhat,KhenThuong,KyLuat,TinhTrangSucKhoe,Cao,CanNang,NhomMau,ThuongBinh,GiaDinhLietSi,Ngayvaodang,Ngaynhapngu,Ngayxuatngu,Quanham) values (n'123',n'V HNG QUN',n'QUN KUN',n'17511235',n'Nam',n'1999/12/19',n'M',n'M',n'M',n'M',n'Vit Nam',n'King',n'Khng',n'BM',n'2020/10/01',n'CIA',n'BM',n'BM',n'111',n'112',n'KING',n'BM',n'BA',n'Xut Sc',n'Tt',n'Tt',n'180',n'80',n'o',n'Khng',n'Khng',n'2020/10/01',n'2020/10/01',n'2020/10/01',n'2020/10/01')] --> 
21.07.2020 06:41:15 <!-- sql=[insert into quanhegiadinh (id,Bo,Me,Vo,Chong,ConCai) values (n'123',n'V HNG ANH',n'V HNG HNG',n'Khng',n'Khng',n'Khng')] --> 
21.07.2020 06:41:16 <!-- sql=[insert into quanhebenvo (id,Bo,Me,Anh,Chi,Em) values (n'123',n'Khng',n'Khng',n'Khng',n'Khng',n'Khng')] --> 
21.07.2020 06:41:16 <!-- sql=[insert into chuyenmonnghiepvu (id,TenTruong,NganhHoc,ThoiGianHoc,HinhThucHoc,TrinhDo) values (n'123',n'CIA',n'BM',n'2020/01/01',n'Online',n'Thc S')] --> 
21.07.2020 06:41:16 <!-- sql=[insert into quatrinhcongtac (id,ThoiGian,ChucDanhChucVuDonViCongTac) values (n'123',n'Khng',n'Khng')] --> 
22.07.2020 02:30:59 <!-- sql=[insert into form2c (id,HoTen,CacTenGoiKhac,CMND,GioiTinh,NgaySinh,QuocTich,NoiSinh,QueQuan,NoiTamTru,NoiThuongTru,DanToc,TonGiao,NgheNghiepKhiDuocTuyenDung,NgayTuyenDung,CoQuanTuyenDung,ChucVuHienTai,CongViecChinhDuocGiao,NgachCongChuc,MaNgach,DanhHieuDuocPhong,SoTruongCongTac,CongViecLamLauNhat,KhenThuong,KyLuat,TinhTrangSucKhoe,Cao,CanNang,NhomMau,ThuongBinh,GiaDinhLietSi,Ngayvaodang,Ngaynhapngu,Ngayxuatngu,Quanham) values (n'2w',n'qweq',n'qweqweq',n'1232131',n'',n'',n'',n'',n'',n'',n'',n'',n'',n'',n'',n'',n'',n'',n'',n'',n'',n'',n'',n'',n'',n'',n'',n'',n'',n'',n'',n'',n'',n'',n'')] --> 
22.07.2020 02:30:59 <!-- sql=[insert into quanhegiadinh (id,Bo,Me,Vo,Chong,ConCai) values (n'2w',n'',n'',n'',n'',n'')] --> 
22.07.2020 02:30:59 <!-- sql=[insert into quanhebenvo (id,Bo,Me,Anh,Chi,Em) values (n'2w',n'',n'',n'',n'',n'')] --> 
22.07.2020 02:30:59 <!-- sql=[insert into chuyenmonnghiepvu (id,TenTruong,NganhHoc,ThoiGianHoc,HinhThucHoc,TrinhDo) values (n'2w',n'',n'',n'',n'',n'')] --> 
22.07.2020 02:30:59 <!-- sql=[insert into quatrinhcongtac (id,ThoiGian,ChucDanhChucVuDonViCongTac) values (n'2w',n'',n'')] --> 
22.07.2020 05:10:27 <!-- sql=[insert into form2c (id,HoTen,CacTenGoiKhac,CMND,GioiTinh,NgaySinh,QuocTich,NoiSinh,QueQuan,NoiTamTru,NoiThuongTru,DanToc,TonGiao,NgheNghiepKhiDuocTuyenDung,NgayTuyenDung,CoQuanTuyenDung,ChucVuHienTai,CongViecChinhDuocGiao,NgachCongChuc,MaNgach,DanhHieuDuocPhong,SoTruongCongTac,CongViecLamLauNhat,KhenThuong,KyLuat,TinhTrangSucKhoe,Cao,CanNang,NhomMau,ThuongBinh,GiaDinhLietSi,Ngayvaodang,Ngaynhapngu,Ngayxuatngu,Quanham) values (n'123',n'',n'',n'',n'',n'',n'',n'',n'',n'',n'',n'',n'',n'',n'',n'',n'',n'',n'',n'',n'',n'',n'',n'',n'',n'',n'',n'',n'',n'',n'',n'',n'',n'',n'')] --> 
22.07.2020 05:10:27 sql=[SELECT * FROM form2c where id = 123] 
22.07.2020 05:22:11 sql=[SELECT * FROM form2c where id = 123] 
22.07.2020 05:22:11 sql=[SELECT * FROM quanhegiadinh where id = 123] 
22.07.2020 05:22:11 sql=[SELECT * FROM quanhebenvo where id = 123] 
22.07.2020 05:22:11 sql=[SELECT * FROM quatrinhcongtac where id = 123] 
22.07.2020 05:22:11 sql=[SELECT * FROM chuyenmonnghiepvu where id = 123] 
22.07.2020 05:25:03 sql=[SELECT * FROM form2c where id = ] 
22.07.2020 05:25:03 Khong the select duoc,ERROR=[You have an error in your SQL syntax; check the manual that corresponds to your MariaDB server version for the right syntax to use near '' at line 1] 
22.07.2020 05:25:03 COUNT=[0] 
22.07.2020 05:25:03 sql=[SELECT * FROM quanhegiadinh where id = ] 
22.07.2020 05:25:03 Khong the select duoc,ERROR=[You have an error in your SQL syntax; check the manual that corresponds to your MariaDB server version for the right syntax to use near '' at line 1] 
22.07.2020 05:25:03 COUNT=[0] 
22.07.2020 05:25:03 sql=[SELECT * FROM quanhebenvo where id = ] 
22.07.2020 05:25:03 Khong the select duoc,ERROR=[You have an error in your SQL syntax; check the manual that corresponds to your MariaDB server version for the right syntax to use near '' at line 1] 
22.07.2020 05:25:03 COUNT=[0] 
22.07.2020 05:25:03 sql=[SELECT * FROM quatrinhcongtac where id = ] 
22.07.2020 05:25:03 Khong the select duoc,ERROR=[You have an error in your SQL syntax; check the manual that corresponds to your MariaDB server version for the right syntax to use near '' at line 1] 
22.07.2020 05:25:03 COUNT=[0] 
22.07.2020 05:25:03 sql=[SELECT * FROM chuyenmonnghiepvu where id = ] 
22.07.2020 05:25:03 Khong the select duoc,ERROR=[You have an error in your SQL syntax; check the manual that corresponds to your MariaDB server version for the right syntax to use near '' at line 1] 
22.07.2020 05:25:03 COUNT=[0] 
22.07.2020 05:25:03 <!-- sql=[insert into form2c (id,HoTen,CacTenGoiKhac,CMND,GioiTinh,NgaySinh,QuocTich,NoiSinh,QueQuan,NoiTamTru,NoiThuongTru,DanToc,TonGiao,NgheNghiepKhiDuocTuyenDung,NgayTuyenDung,CoQuanTuyenDung,ChucVuHienTai,CongViecChinhDuocGiao,NgachCongChuc,MaNgach,DanhHieuDuocPhong,SoTruongCongTac,CongViecLamLauNhat,KhenThuong,KyLuat,TinhTrangSucKhoe,Cao,CanNang,NhomMau,ThuongBinh,GiaDinhLietSi,Ngayvaodang,Ngaynhapngu,Ngayxuatngu,Quanham) values (n'',n'',n'',n'',n'',n'',n'',n'',n'',n'',n'',n'',n'',n'',n'',n'',n'',n'',n'',n'',n'',n'',n'',n'',n'',n'',n'',n'',n'',n'',n'',n'',n'',n'',n'')] --> 
22.07.2020 05:25:03 <!-- sql=[insert into quanhegiadinh (id,Bo,Me,Vo,Chong,ConCai) values (n'',n'',n'',n'',n'',n'')] --> 
22.07.2020 05:25:03 <!-- sql=[insert into quanhebenvo (id,Bo,Me,Anh,Chi,Em) values (n'',n'',n'',n'',n'',n'')] --> 
22.07.2020 05:25:03 <!-- sql=[insert into chuyenmonnghiepvu (id,TenTruong,NganhHoc,ThoiGianHoc,HinhThucHoc,TrinhDo) values (n'',n'',n'',n'',n'',n'')] --> 
22.07.2020 05:25:04 <!-- sql=[insert into quatrinhcongtac (id,ThoiGian,ChucDanhChucVuDonViCongTac) values (n'',n'',n'')] --> 
22.07.2020 05:26:48 sql=[SELECT * FROM form2c where id = ] 
22.07.2020 05:26:48 Khong the select duoc,ERROR=[You have an error in your SQL syntax; check the manual that corresponds to your MariaDB server version for the right syntax to use near '' at line 1] 
22.07.2020 05:26:48 COUNT=[0] 
22.07.2020 05:26:48 sql=[SELECT * FROM quanhegiadinh where id = ] 
22.07.2020 05:26:48 Khong the select duoc,ERROR=[You have an error in your SQL syntax; check the manual that corresponds to your MariaDB server version for the right syntax to use near '' at line 1] 
22.07.2020 05:26:48 COUNT=[0] 
22.07.2020 05:26:48 sql=[SELECT * FROM quanhebenvo where id = ] 
22.07.2020 05:26:48 Khong the select duoc,ERROR=[You have an error in your SQL syntax; check the manual that corresponds to your MariaDB server version for the right syntax to use near '' at line 1] 
22.07.2020 05:26:48 COUNT=[0] 
22.07.2020 05:26:48 sql=[SELECT * FROM quatrinhcongtac where id = ] 
22.07.2020 05:26:48 Khong the select duoc,ERROR=[You have an error in your SQL syntax; check the manual that corresponds to your MariaDB server version for the right syntax to use near '' at line 1] 
22.07.2020 05:26:48 COUNT=[0] 
22.07.2020 05:26:48 sql=[SELECT * FROM chuyenmonnghiepvu where id = ] 
22.07.2020 05:26:48 Khong the select duoc,ERROR=[You have an error in your SQL syntax; check the manual that corresponds to your MariaDB server version for the right syntax to use near '' at line 1] 
22.07.2020 05:26:48 COUNT=[0] 
22.07.2020 05:26:48 <!-- sql=[insert into form2c (id,HoTen,CacTenGoiKhac,CMND,GioiTinh,NgaySinh,QuocTich,NoiSinh,QueQuan,NoiTamTru,NoiThuongTru,DanToc,TonGiao,NgheNghiepKhiDuocTuyenDung,NgayTuyenDung,CoQuanTuyenDung,ChucVuHienTai,CongViecChinhDuocGiao,NgachCongChuc,MaNgach,DanhHieuDuocPhong,SoTruongCongTac,CongViecLamLauNhat,KhenThuong,KyLuat,TinhTrangSucKhoe,Cao,CanNang,NhomMau,ThuongBinh,GiaDinhLietSi,Ngayvaodang,Ngaynhapngu,Ngayxuatngu,Quanham) values (n'',n'',n'',n'',n'',n'',n'',n'',n'',n'',n'',n'',n'',n'',n'',n'',n'',n'',n'',n'',n'',n'',n'',n'',n'',n'',n'',n'',n'',n'',n'',n'',n'',n'',n'')] --> 
22.07.2020 05:26:48 <!-- sql=[insert into quanhegiadinh (id,Bo,Me,Vo,Chong,ConCai) values (n'',n'',n'',n'',n'',n'')] --> 
22.07.2020 05:26:48 <!-- sql=[insert into quanhebenvo (id,Bo,Me,Anh,Chi,Em) values (n'',n'',n'',n'',n'',n'')] --> 
22.07.2020 05:26:48 <!-- sql=[insert into chuyenmonnghiepvu (id,TenTruong,NganhHoc,ThoiGianHoc,HinhThucHoc,TrinhDo) values (n'',n'',n'',n'',n'',n'')] --> 
22.07.2020 05:26:48 <!-- sql=[insert into quatrinhcongtac (id,ThoiGian,ChucDanhChucVuDonViCongTac) values (n'',n'',n'')] --> 
22.07.2020 05:27:12 sql=[SELECT * FROM form2c where id = 123] 
22.07.2020 05:27:12 sql=[SELECT * FROM quanhegiadinh where id = 123] 
22.07.2020 05:27:12 sql=[SELECT * FROM quanhebenvo where id = 123] 
22.07.2020 05:27:12 sql=[SELECT * FROM quatrinhcongtac where id = 123] 
22.07.2020 05:27:12 sql=[SELECT * FROM chuyenmonnghiepvu where id = 123] 
22.07.2020 05:27:27 sql=[SELECT * FROM form2c where id = 0] 
22.07.2020 05:27:27 sql=[SELECT * FROM quanhegiadinh where id = 0] 
22.07.2020 05:27:27 sql=[SELECT * FROM quanhebenvo where id = 0] 
22.07.2020 05:27:27 sql=[SELECT * FROM quatrinhcongtac where id = 0] 
22.07.2020 05:27:27 sql=[SELECT * FROM chuyenmonnghiepvu where id = 0] 
